{"__type":"$$EventMessageWorkflow","id":"df6d9b58-26cf-4b1e-9e63-9b4ce3ce82ad","ts":"2026-02-05T17:11:39.600+00:00","eventName":"n8n.workflow.started","message":"n8n.workflow.started","payload":{"executionId":"243","workflowId":"3kYmzLPLNg7gwIIAJDonT","isManual":false,"workflowName":"My workflow"}}
{"__type":"$$EventMessageConfirm","confirm":"df6d9b58-26cf-4b1e-9e63-9b4ce3ce82ad","ts":"2026-02-05T17:11:39.601+00:00","source":{"id":"0","name":"eventBus"}}
{"__type":"$$EventMessageNode","id":"43febcfb-ff5f-418d-ba39-e45dc56efefd","ts":"2026-02-05T17:11:39.602+00:00","eventName":"n8n.node.started","message":"n8n.node.started","payload":{"workflowId":"3kYmzLPLNg7gwIIAJDonT","workflowName":"My workflow","executionId":"243","nodeType":"n8n-nodes-base.googleSheetsTrigger","nodeName":"Google Sheets Trigger(appointment)","nodeId":"f43d6d6f-c43a-4fe8-af2f-6fce74ebec2c"}}
{"__type":"$$EventMessageConfirm","confirm":"43febcfb-ff5f-418d-ba39-e45dc56efefd","ts":"2026-02-05T17:11:39.602+00:00","source":{"id":"0","name":"eventBus"}}
{"__type":"$$EventMessageNode","id":"c0ca0a2e-b42c-477b-a462-b04178f4c684","ts":"2026-02-05T17:11:41.333+00:00","eventName":"n8n.node.finished","message":"n8n.node.finished","payload":{"workflowId":"3kYmzLPLNg7gwIIAJDonT","workflowName":"My workflow","executionId":"243","nodeType":"n8n-nodes-base.googleSheetsTrigger","nodeName":"Google Sheets Trigger(appointment)","nodeId":"f43d6d6f-c43a-4fe8-af2f-6fce74ebec2c"}}
{"__type":"$$EventMessageConfirm","confirm":"c0ca0a2e-b42c-477b-a462-b04178f4c684","ts":"2026-02-05T17:11:41.333+00:00","source":{"id":"0","name":"eventBus"}}
{"__type":"$$EventMessageWorkflow","id":"51ec110d-3418-4ae5-ba8b-0fbc448018cf","ts":"2026-02-05T17:11:41.344+00:00","eventName":"n8n.workflow.success","message":"n8n.workflow.success","payload":{"userId":"3cfc6297-cf54-4d29-8bfa-5326e00e5f56","executionId":"243","success":true,"isManual":true,"workflowId":"3kYmzLPLNg7gwIIAJDonT","workflowName":"My workflow"}}
{"__type":"$$EventMessageConfirm","confirm":"51ec110d-3418-4ae5-ba8b-0fbc448018cf","ts":"2026-02-05T17:11:41.344+00:00","source":{"id":"0","name":"eventBus"}}
{"__type":"$$EventMessageWorkflow","id":"28941bf6-9f9f-44a2-9b58-bf5b49879757","ts":"2026-02-05T17:12:23.253+00:00","eventName":"n8n.workflow.started","message":"n8n.workflow.started","payload":{"executionId":"244","workflowId":"3kYmzLPLNg7gwIIAJDonT","isManual":false,"workflowName":"My workflow"}}
{"__type":"$$EventMessageConfirm","confirm":"28941bf6-9f9f-44a2-9b58-bf5b49879757","ts":"2026-02-05T17:12:23.253+00:00","source":{"id":"0","name":"eventBus"}}
{"__type":"$$EventMessageNode","id":"ef2c6501-4600-4e0e-8813-8bb54a32d3f2","ts":"2026-02-05T17:12:23.254+00:00","eventName":"n8n.node.started","message":"n8n.node.started","payload":{"workflowId":"3kYmzLPLNg7gwIIAJDonT","workflowName":"My workflow","executionId":"244","nodeType":"n8n-nodes-base.googleSheetsTrigger","nodeName":"Google Sheets Trigger(appointment)","nodeId":"f43d6d6f-c43a-4fe8-af2f-6fce74ebec2c"}}
{"__type":"$$EventMessageConfirm","confirm":"ef2c6501-4600-4e0e-8813-8bb54a32d3f2","ts":"2026-02-05T17:12:23.254+00:00","source":{"id":"0","name":"eventBus"}}
{"__type":"$$EventMessageNode","id":"ae06ccfb-50c1-4195-994f-871e95b22d26","ts":"2026-02-05T17:12:25.209+00:00","eventName":"n8n.node.finished","message":"n8n.node.finished","payload":{"workflowId":"3kYmzLPLNg7gwIIAJDonT","workflowName":"My workflow","executionId":"244","nodeType":"n8n-nodes-base.googleSheetsTrigger","nodeName":"Google Sheets Trigger(appointment)","nodeId":"f43d6d6f-c43a-4fe8-af2f-6fce74ebec2c"}}
{"__type":"$$EventMessageConfirm","confirm":"ae06ccfb-50c1-4195-994f-871e95b22d26","ts":"2026-02-05T17:12:25.209+00:00","source":{"id":"0","name":"eventBus"}}
{"__type":"$$EventMessageWorkflow","id":"97b8883e-924d-4dda-beef-972507164de1","ts":"2026-02-05T17:12:25.220+00:00","eventName":"n8n.workflow.success","message":"n8n.workflow.success","payload":{"userId":"3cfc6297-cf54-4d29-8bfa-5326e00e5f56","executionId":"244","success":true,"isManual":true,"workflowId":"3kYmzLPLNg7gwIIAJDonT","workflowName":"My workflow"}}
{"__type":"$$EventMessageConfirm","confirm":"97b8883e-924d-4dda-beef-972507164de1","ts":"2026-02-05T17:12:25.221+00:00","source":{"id":"0","name":"eventBus"}}
{"__type":"$$EventMessageWorkflow","id":"af2e707d-3bc3-4093-9169-48bb009c5ff0","ts":"2026-02-05T17:13:17.279+00:00","eventName":"n8n.workflow.started","message":"n8n.workflow.started","payload":{"executionId":"245","workflowId":"3kYmzLPLNg7gwIIAJDonT","isManual":false,"workflowName":"My workflow"}}
{"__type":"$$EventMessageConfirm","confirm":"af2e707d-3bc3-4093-9169-48bb009c5ff0","ts":"2026-02-05T17:13:17.279+00:00","source":{"id":"0","name":"eventBus"}}
{"__type":"$$EventMessageNode","id":"28f02efe-1a0b-4d84-b41d-3b6c8c55bae8","ts":"2026-02-05T17:13:17.290+00:00","eventName":"n8n.node.started","message":"n8n.node.started","payload":{"workflowId":"3kYmzLPLNg7gwIIAJDonT","workflowName":"My workflow","executionId":"245","nodeType":"n8n-nodes-base.set","nodeName":"Mapping3","nodeId":"d5af232f-5ade-4dd2-bfca-2521531575cd"}}
{"__type":"$$EventMessageConfirm","confirm":"28f02efe-1a0b-4d84-b41d-3b6c8c55bae8","ts":"2026-02-05T17:13:17.290+00:00","source":{"id":"0","name":"eventBus"}}
{"__type":"$$EventMessageNode","id":"25c5d342-36bb-44aa-94bc-c2774c36661e","ts":"2026-02-05T12:13:17.635-05:00","eventName":"n8n.node.finished","message":"n8n.node.finished","payload":{"workflowId":"3kYmzLPLNg7gwIIAJDonT","workflowName":"My workflow","executionId":"245","nodeType":"n8n-nodes-base.set","nodeName":"Mapping3","nodeId":"d5af232f-5ade-4dd2-bfca-2521531575cd"}}
{"__type":"$$EventMessageConfirm","confirm":"25c5d342-36bb-44aa-94bc-c2774c36661e","ts":"2026-02-05T12:13:17.635-05:00","source":{"id":"0","name":"eventBus"}}
{"__type":"$$EventMessageWorkflow","id":"b5650017-5bc5-4f5c-8f5e-e7c06d2350fc","ts":"2026-02-05T12:13:17.642-05:00","eventName":"n8n.workflow.success","message":"n8n.workflow.success","payload":{"userId":"3cfc6297-cf54-4d29-8bfa-5326e00e5f56","executionId":"245","success":true,"isManual":true,"workflowId":"3kYmzLPLNg7gwIIAJDonT","workflowName":"My workflow"}}
{"__type":"$$EventMessageConfirm","confirm":"b5650017-5bc5-4f5c-8f5e-e7c06d2350fc","ts":"2026-02-05T12:13:17.642-05:00","source":{"id":"0","name":"eventBus"}}
{"__type":"$$EventMessageWorkflow","id":"3f574f26-259d-4b27-8e46-277831c936d6","ts":"2026-02-05T12:13:27.420-05:00","eventName":"n8n.workflow.started","message":"n8n.workflow.started","payload":{"executionId":"246","workflowId":"3kYmzLPLNg7gwIIAJDonT","isManual":false,"workflowName":"My workflow"}}
{"__type":"$$EventMessageConfirm","confirm":"3f574f26-259d-4b27-8e46-277831c936d6","ts":"2026-02-05T12:13:27.420-05:00","source":{"id":"0","name":"eventBus"}}
{"__type":"$$EventMessageNode","id":"cc930a5c-8ec5-4d91-bdbf-b982522c10db","ts":"2026-02-05T12:13:27.424-05:00","eventName":"n8n.node.started","message":"n8n.node.started","payload":{"workflowId":"3kYmzLPLNg7gwIIAJDonT","workflowName":"My workflow","executionId":"246","nodeType":"n8n-nodes-base.set","nodeName":"Mapping3","nodeId":"d5af232f-5ade-4dd2-bfca-2521531575cd"}}
{"__type":"$$EventMessageConfirm","confirm":"cc930a5c-8ec5-4d91-bdbf-b982522c10db","ts":"2026-02-05T12:13:27.424-05:00","source":{"id":"0","name":"eventBus"}}
{"__type":"$$EventMessageNode","id":"ff29cb4a-ba74-4f8c-875e-a400f0775ef3","ts":"2026-02-05T12:13:27.697-05:00","eventName":"n8n.node.finished","message":"n8n.node.finished","payload":{"workflowId":"3kYmzLPLNg7gwIIAJDonT","workflowName":"My workflow","executionId":"246","nodeType":"n8n-nodes-base.set","nodeName":"Mapping3","nodeId":"d5af232f-5ade-4dd2-bfca-2521531575cd"}}
{"__type":"$$EventMessageConfirm","confirm":"ff29cb4a-ba74-4f8c-875e-a400f0775ef3","ts":"2026-02-05T12:13:27.697-05:00","source":{"id":"0","name":"eventBus"}}
{"__type":"$$EventMessageWorkflow","id":"64dfe298-850b-4b6a-a63f-87fae6dc2bea","ts":"2026-02-05T12:13:27.703-05:00","eventName":"n8n.workflow.success","message":"n8n.workflow.success","payload":{"userId":"3cfc6297-cf54-4d29-8bfa-5326e00e5f56","executionId":"246","success":true,"isManual":true,"workflowId":"3kYmzLPLNg7gwIIAJDonT","workflowName":"My workflow"}}
{"__type":"$$EventMessageConfirm","confirm":"64dfe298-850b-4b6a-a63f-87fae6dc2bea","ts":"2026-02-05T12:13:27.703-05:00","source":{"id":"0","name":"eventBus"}}
{"__type":"$$EventMessageWorkflow","id":"3477599b-fb48-4115-8283-801eb89b5160","ts":"2026-02-05T12:14:33.898-05:00","eventName":"n8n.workflow.started","message":"n8n.workflow.started","payload":{"executionId":"247","workflowId":"3kYmzLPLNg7gwIIAJDonT","isManual":false,"workflowName":"My workflow"}}
{"__type":"$$EventMessageConfirm","confirm":"3477599b-fb48-4115-8283-801eb89b5160","ts":"2026-02-05T12:14:33.898-05:00","source":{"id":"0","name":"eventBus"}}
{"__type":"$$EventMessageNode","id":"36713196-97f9-42d6-b1cf-fc1cf4e0dacf","ts":"2026-02-05T12:14:33.904-05:00","eventName":"n8n.node.started","message":"n8n.node.started","payload":{"workflowId":"3kYmzLPLNg7gwIIAJDonT","workflowName":"My workflow","executionId":"247","nodeType":"n8n-nodes-base.set","nodeName":"Mapping3","nodeId":"d5af232f-5ade-4dd2-bfca-2521531575cd"}}
{"__type":"$$EventMessageConfirm","confirm":"36713196-97f9-42d6-b1cf-fc1cf4e0dacf","ts":"2026-02-05T12:14:33.904-05:00","source":{"id":"0","name":"eventBus"}}
{"__type":"$$EventMessageNode","id":"f718b5b3-edb5-4e69-bd02-8811900c69c3","ts":"2026-02-05T12:14:34.378-05:00","eventName":"n8n.node.finished","message":"n8n.node.finished","payload":{"workflowId":"3kYmzLPLNg7gwIIAJDonT","workflowName":"My workflow","executionId":"247","nodeType":"n8n-nodes-base.set","nodeName":"Mapping3","nodeId":"d5af232f-5ade-4dd2-bfca-2521531575cd"}}
{"__type":"$$EventMessageConfirm","confirm":"f718b5b3-edb5-4e69-bd02-8811900c69c3","ts":"2026-02-05T12:14:34.378-05:00","source":{"id":"0","name":"eventBus"}}
{"__type":"$$EventMessageWorkflow","id":"4f096069-e506-424b-a263-1e6dfe431304","ts":"2026-02-05T12:14:34.389-05:00","eventName":"n8n.workflow.success","message":"n8n.workflow.success","payload":{"userId":"3cfc6297-cf54-4d29-8bfa-5326e00e5f56","executionId":"247","success":true,"isManual":true,"workflowId":"3kYmzLPLNg7gwIIAJDonT","workflowName":"My workflow"}}
{"__type":"$$EventMessageConfirm","confirm":"4f096069-e506-424b-a263-1e6dfe431304","ts":"2026-02-05T12:14:34.390-05:00","source":{"id":"0","name":"eventBus"}}
{"__type":"$$EventMessageWorkflow","id":"7c97abb1-02c0-4c6c-b005-6b9850415393","ts":"2026-02-05T12:15:39.819-05:00","eventName":"n8n.workflow.started","message":"n8n.workflow.started","payload":{"executionId":"248","workflowId":"3kYmzLPLNg7gwIIAJDonT","isManual":false,"workflowName":"My workflow"}}
{"__type":"$$EventMessageConfirm","confirm":"7c97abb1-02c0-4c6c-b005-6b9850415393","ts":"2026-02-05T12:15:39.819-05:00","source":{"id":"0","name":"eventBus"}}
{"__type":"$$EventMessageNode","id":"6acaafef-1896-4838-9680-11b31ad9cee4","ts":"2026-02-05T12:15:39.821-05:00","eventName":"n8n.node.started","message":"n8n.node.started","payload":{"workflowId":"3kYmzLPLNg7gwIIAJDonT","workflowName":"My workflow","executionId":"248","nodeType":"n8n-nodes-base.manualTrigger","nodeName":"When clicking ‘Execute workflow’","nodeId":"c3cdd1ab-2683-4f5e-9eb5-3eb43021363d"}}
{"__type":"$$EventMessageConfirm","confirm":"6acaafef-1896-4838-9680-11b31ad9cee4","ts":"2026-02-05T12:15:39.821-05:00","source":{"id":"0","name":"eventBus"}}
{"__type":"$$EventMessageNode","id":"4009f6dd-04d9-4240-924d-3ed2e22818cb","ts":"2026-02-05T12:15:39.823-05:00","eventName":"n8n.node.finished","message":"n8n.node.finished","payload":{"workflowId":"3kYmzLPLNg7gwIIAJDonT","workflowName":"My workflow","executionId":"248","nodeType":"n8n-nodes-base.manualTrigger","nodeName":"When clicking ‘Execute workflow’","nodeId":"c3cdd1ab-2683-4f5e-9eb5-3eb43021363d"}}
{"__type":"$$EventMessageConfirm","confirm":"4009f6dd-04d9-4240-924d-3ed2e22818cb","ts":"2026-02-05T12:15:39.823-05:00","source":{"id":"0","name":"eventBus"}}
{"__type":"$$EventMessageNode","id":"29ae4b1f-4bf2-491e-9393-c0fec0ebddc5","ts":"2026-02-05T12:15:39.824-05:00","eventName":"n8n.node.started","message":"n8n.node.started","payload":{"workflowId":"3kYmzLPLNg7gwIIAJDonT","workflowName":"My workflow","executionId":"248","nodeType":"n8n-nodes-base.postgres","nodeName":"Create_table","nodeId":"ba160939-ae0e-4231-8611-eb514b1bfb19"}}
{"__type":"$$EventMessageConfirm","confirm":"29ae4b1f-4bf2-491e-9393-c0fec0ebddc5","ts":"2026-02-05T12:15:39.824-05:00","source":{"id":"0","name":"eventBus"}}
{"__type":"$$EventMessageNode","id":"78ed8a1a-999c-4961-a8dd-78de3725cb5b","ts":"2026-02-05T12:15:40.067-05:00","eventName":"n8n.node.finished","message":"n8n.node.finished","payload":{"workflowId":"3kYmzLPLNg7gwIIAJDonT","workflowName":"My workflow","executionId":"248","nodeType":"n8n-nodes-base.postgres","nodeName":"Create_table","nodeId":"ba160939-ae0e-4231-8611-eb514b1bfb19"}}
{"__type":"$$EventMessageConfirm","confirm":"78ed8a1a-999c-4961-a8dd-78de3725cb5b","ts":"2026-02-05T12:15:40.067-05:00","source":{"id":"0","name":"eventBus"}}
{"__type":"$$EventMessageWorkflow","id":"518a8722-88cb-46c0-b044-3f11cec07354","ts":"2026-02-05T12:15:40.075-05:00","eventName":"n8n.workflow.failed","message":"n8n.workflow.failed","payload":{"userId":"3cfc6297-cf54-4d29-8bfa-5326e00e5f56","executionId":"248","success":false,"isManual":true,"workflowId":"3kYmzLPLNg7gwIIAJDonT","workflowName":"My workflow","lastNodeExecuted":"Create_table","errorNodeType":"n8n-nodes-base.postgres","errorMessage":"Syntax error at line 37 near \"gio_hen\""}}
{"__type":"$$EventMessageConfirm","confirm":"518a8722-88cb-46c0-b044-3f11cec07354","ts":"2026-02-05T12:15:40.075-05:00","source":{"id":"0","name":"eventBus"}}
{"__type":"$$EventMessageWorkflow","id":"5b8ec17e-5c93-46ce-99d6-061e9ed0f635","ts":"2026-02-05T12:15:51.018-05:00","eventName":"n8n.workflow.started","message":"n8n.workflow.started","payload":{"executionId":"249","workflowId":"3kYmzLPLNg7gwIIAJDonT","isManual":false,"workflowName":"My workflow"}}
{"__type":"$$EventMessageConfirm","confirm":"5b8ec17e-5c93-46ce-99d6-061e9ed0f635","ts":"2026-02-05T12:15:51.018-05:00","source":{"id":"0","name":"eventBus"}}
{"__type":"$$EventMessageNode","id":"1c7ef6ae-c11f-471e-b3e7-fa52b70c730e","ts":"2026-02-05T12:15:51.020-05:00","eventName":"n8n.node.started","message":"n8n.node.started","payload":{"workflowId":"3kYmzLPLNg7gwIIAJDonT","workflowName":"My workflow","executionId":"249","nodeType":"n8n-nodes-base.postgres","nodeName":"Create_table","nodeId":"ba160939-ae0e-4231-8611-eb514b1bfb19"}}
{"__type":"$$EventMessageConfirm","confirm":"1c7ef6ae-c11f-471e-b3e7-fa52b70c730e","ts":"2026-02-05T12:15:51.020-05:00","source":{"id":"0","name":"eventBus"}}
{"__type":"$$EventMessageNode","id":"44231867-e2bc-4acf-a7fd-caef13413b45","ts":"2026-02-05T12:15:51.091-05:00","eventName":"n8n.node.finished","message":"n8n.node.finished","payload":{"workflowId":"3kYmzLPLNg7gwIIAJDonT","workflowName":"My workflow","executionId":"249","nodeType":"n8n-nodes-base.postgres","nodeName":"Create_table","nodeId":"ba160939-ae0e-4231-8611-eb514b1bfb19"}}
{"__type":"$$EventMessageConfirm","confirm":"44231867-e2bc-4acf-a7fd-caef13413b45","ts":"2026-02-05T12:15:51.091-05:00","source":{"id":"0","name":"eventBus"}}
{"__type":"$$EventMessageWorkflow","id":"83eb5bd5-db4a-4dd8-b4fc-da9dad2e957d","ts":"2026-02-05T12:15:51.096-05:00","eventName":"n8n.workflow.failed","message":"n8n.workflow.failed","payload":{"userId":"3cfc6297-cf54-4d29-8bfa-5326e00e5f56","executionId":"249","success":false,"isManual":true,"workflowId":"3kYmzLPLNg7gwIIAJDonT","workflowName":"My workflow","lastNodeExecuted":"Create_table","errorNodeType":"n8n-nodes-base.postgres","errorMessage":"relation \"dim_customer\" already exists"}}
{"__type":"$$EventMessageConfirm","confirm":"83eb5bd5-db4a-4dd8-b4fc-da9dad2e957d","ts":"2026-02-05T12:15:51.096-05:00","source":{"id":"0","name":"eventBus"}}
{"__type":"$$EventMessageWorkflow","id":"e157ef2f-320f-4630-b2d5-d52563ae5c2a","ts":"2026-02-05T12:16:43.176-05:00","eventName":"n8n.workflow.started","message":"n8n.workflow.started","payload":{"executionId":"250","workflowId":"3kYmzLPLNg7gwIIAJDonT","isManual":false,"workflowName":"My workflow"}}
{"__type":"$$EventMessageConfirm","confirm":"e157ef2f-320f-4630-b2d5-d52563ae5c2a","ts":"2026-02-05T12:16:43.177-05:00","source":{"id":"0","name":"eventBus"}}
{"__type":"$$EventMessageNode","id":"5479bd60-7b72-472b-a0ef-f6b69f755dd5","ts":"2026-02-05T12:16:43.178-05:00","eventName":"n8n.node.started","message":"n8n.node.started","payload":{"workflowId":"3kYmzLPLNg7gwIIAJDonT","workflowName":"My workflow","executionId":"250","nodeType":"n8n-nodes-base.googleSheetsTrigger","nodeName":"Google Sheets Trigger(appointment)","nodeId":"f43d6d6f-c43a-4fe8-af2f-6fce74ebec2c"}}
{"__type":"$$EventMessageConfirm","confirm":"5479bd60-7b72-472b-a0ef-f6b69f755dd5","ts":"2026-02-05T12:16:43.178-05:00","source":{"id":"0","name":"eventBus"}}
{"__type":"$$EventMessageNode","id":"bd2a3779-c682-4ac7-8334-20cef42dfb05","ts":"2026-02-05T12:16:44.790-05:00","eventName":"n8n.node.finished","message":"n8n.node.finished","payload":{"workflowId":"3kYmzLPLNg7gwIIAJDonT","workflowName":"My workflow","executionId":"250","nodeType":"n8n-nodes-base.googleSheetsTrigger","nodeName":"Google Sheets Trigger(appointment)","nodeId":"f43d6d6f-c43a-4fe8-af2f-6fce74ebec2c"}}
{"__type":"$$EventMessageConfirm","confirm":"bd2a3779-c682-4ac7-8334-20cef42dfb05","ts":"2026-02-05T12:16:44.790-05:00","source":{"id":"0","name":"eventBus"}}
{"__type":"$$EventMessageNode","id":"ef763412-2629-4c97-9da7-2a1385766a0c","ts":"2026-02-05T12:16:44.795-05:00","eventName":"n8n.node.started","message":"n8n.node.started","payload":{"workflowId":"3kYmzLPLNg7gwIIAJDonT","workflowName":"My workflow","executionId":"250","nodeType":"n8n-nodes-base.set","nodeName":"Mapping3","nodeId":"d5af232f-5ade-4dd2-bfca-2521531575cd"}}
{"__type":"$$EventMessageConfirm","confirm":"ef763412-2629-4c97-9da7-2a1385766a0c","ts":"2026-02-05T12:16:44.795-05:00","source":{"id":"0","name":"eventBus"}}
{"__type":"$$EventMessageNode","id":"224efd25-a73e-4dbe-957c-f9f400c85c84","ts":"2026-02-05T12:16:45.062-05:00","eventName":"n8n.node.finished","message":"n8n.node.finished","payload":{"workflowId":"3kYmzLPLNg7gwIIAJDonT","workflowName":"My workflow","executionId":"250","nodeType":"n8n-nodes-base.set","nodeName":"Mapping3","nodeId":"d5af232f-5ade-4dd2-bfca-2521531575cd"}}
{"__type":"$$EventMessageConfirm","confirm":"224efd25-a73e-4dbe-957c-f9f400c85c84","ts":"2026-02-05T12:16:45.062-05:00","source":{"id":"0","name":"eventBus"}}
{"__type":"$$EventMessageNode","id":"6b717935-d0bd-496a-aaba-3a00d12b7f48","ts":"2026-02-05T12:16:45.067-05:00","eventName":"n8n.node.started","message":"n8n.node.started","payload":{"workflowId":"3kYmzLPLNg7gwIIAJDonT","workflowName":"My workflow","executionId":"250","nodeType":"n8n-nodes-base.code","nodeName":"Cleaning3","nodeId":"8d613c12-e2a9-42b7-a24c-e0e22fd00487"}}
{"__type":"$$EventMessageConfirm","confirm":"6b717935-d0bd-496a-aaba-3a00d12b7f48","ts":"2026-02-05T12:16:45.067-05:00","source":{"id":"0","name":"eventBus"}}
{"__type":"$$EventMessageRunner","id":"81977e23-6612-45d4-8d78-ca97f546b370","ts":"2026-02-05T12:16:45.070-05:00","eventName":"n8n.runner.task.requested","message":"n8n.runner.task.requested","payload":{"taskId":"uwhBBNCs","nodeId":"8d613c12-e2a9-42b7-a24c-e0e22fd00487","workflowId":"3kYmzLPLNg7gwIIAJDonT","executionId":"250"}}
{"__type":"$$EventMessageConfirm","confirm":"81977e23-6612-45d4-8d78-ca97f546b370","ts":"2026-02-05T12:16:45.071-05:00","source":{"id":"0","name":"eventBus"}}
{"__type":"$$EventMessageRunner","id":"882ba90a-871b-4d55-a01c-f8561a0806a1","ts":"2026-02-05T12:16:45.166-05:00","eventName":"n8n.runner.response.received","message":"n8n.runner.response.received","payload":{"taskId":"uwhBBNCs","nodeId":"8d613c12-e2a9-42b7-a24c-e0e22fd00487","workflowId":"3kYmzLPLNg7gwIIAJDonT","executionId":"250"}}
{"__type":"$$EventMessageConfirm","confirm":"882ba90a-871b-4d55-a01c-f8561a0806a1","ts":"2026-02-05T12:16:45.166-05:00","source":{"id":"0","name":"eventBus"}}
{"__type":"$$EventMessageNode","id":"e2f4ea9a-091a-4fda-8620-8f6e75ff4dad","ts":"2026-02-05T12:16:45.167-05:00","eventName":"n8n.node.finished","message":"n8n.node.finished","payload":{"workflowId":"3kYmzLPLNg7gwIIAJDonT","workflowName":"My workflow","executionId":"250","nodeType":"n8n-nodes-base.code","nodeName":"Cleaning3","nodeId":"8d613c12-e2a9-42b7-a24c-e0e22fd00487"}}
{"__type":"$$EventMessageConfirm","confirm":"e2f4ea9a-091a-4fda-8620-8f6e75ff4dad","ts":"2026-02-05T12:16:45.167-05:00","source":{"id":"0","name":"eventBus"}}
{"__type":"$$EventMessageWorkflow","id":"6d1197a2-ac03-442c-831b-1013cf0d147e","ts":"2026-02-05T12:16:45.175-05:00","eventName":"n8n.workflow.success","message":"n8n.workflow.success","payload":{"userId":"3cfc6297-cf54-4d29-8bfa-5326e00e5f56","executionId":"250","success":true,"isManual":true,"workflowId":"3kYmzLPLNg7gwIIAJDonT","workflowName":"My workflow"}}
{"__type":"$$EventMessageConfirm","confirm":"6d1197a2-ac03-442c-831b-1013cf0d147e","ts":"2026-02-05T12:16:45.176-05:00","source":{"id":"0","name":"eventBus"}}
{"__type":"$$EventMessageWorkflow","id":"672c2815-a5b8-4c70-b61b-951be0f60173","ts":"2026-02-05T12:21:16.995-05:00","eventName":"n8n.workflow.started","message":"n8n.workflow.started","payload":{"executionId":"251","workflowId":"3kYmzLPLNg7gwIIAJDonT","isManual":false,"workflowName":"My workflow"}}
{"__type":"$$EventMessageConfirm","confirm":"672c2815-a5b8-4c70-b61b-951be0f60173","ts":"2026-02-05T12:21:16.996-05:00","source":{"id":"0","name":"eventBus"}}
{"__type":"$$EventMessageNode","id":"9942a23f-d439-464e-8463-9fc9466b13be","ts":"2026-02-05T12:21:17.008-05:00","eventName":"n8n.node.started","message":"n8n.node.started","payload":{"workflowId":"3kYmzLPLNg7gwIIAJDonT","workflowName":"My workflow","executionId":"251","nodeType":"n8n-nodes-base.code","nodeName":"Cleaning3","nodeId":"8d613c12-e2a9-42b7-a24c-e0e22fd00487"}}
{"__type":"$$EventMessageConfirm","confirm":"9942a23f-d439-464e-8463-9fc9466b13be","ts":"2026-02-05T12:21:17.008-05:00","source":{"id":"0","name":"eventBus"}}
{"__type":"$$EventMessageRunner","id":"2235168f-539b-4a9c-8f05-d2a2eadf39e0","ts":"2026-02-05T12:21:17.011-05:00","eventName":"n8n.runner.task.requested","message":"n8n.runner.task.requested","payload":{"taskId":"_6mRPaQd","nodeId":"8d613c12-e2a9-42b7-a24c-e0e22fd00487","workflowId":"3kYmzLPLNg7gwIIAJDonT","executionId":"251"}}
{"__type":"$$EventMessageConfirm","confirm":"2235168f-539b-4a9c-8f05-d2a2eadf39e0","ts":"2026-02-05T12:21:17.012-05:00","source":{"id":"0","name":"eventBus"}}
{"__type":"$$EventMessageRunner","id":"35f4be0c-8811-4965-9eba-b4c148b9a55b","ts":"2026-02-05T12:21:17.033-05:00","eventName":"n8n.runner.response.received","message":"n8n.runner.response.received","payload":{"taskId":"_6mRPaQd","nodeId":"8d613c12-e2a9-42b7-a24c-e0e22fd00487","workflowId":"3kYmzLPLNg7gwIIAJDonT","executionId":"251"}}
{"__type":"$$EventMessageConfirm","confirm":"35f4be0c-8811-4965-9eba-b4c148b9a55b","ts":"2026-02-05T12:21:17.033-05:00","source":{"id":"0","name":"eventBus"}}
{"__type":"$$EventMessageNode","id":"265b2b20-9210-4250-8aa2-1787cb8fe314","ts":"2026-02-05T12:21:17.034-05:00","eventName":"n8n.node.finished","message":"n8n.node.finished","payload":{"workflowId":"3kYmzLPLNg7gwIIAJDonT","workflowName":"My workflow","executionId":"251","nodeType":"n8n-nodes-base.code","nodeName":"Cleaning3","nodeId":"8d613c12-e2a9-42b7-a24c-e0e22fd00487"}}
{"__type":"$$EventMessageConfirm","confirm":"265b2b20-9210-4250-8aa2-1787cb8fe314","ts":"2026-02-05T12:21:17.034-05:00","source":{"id":"0","name":"eventBus"}}
{"__type":"$$EventMessageWorkflow","id":"62b424ef-a0b7-4158-be85-bdcfb1fa9d7c","ts":"2026-02-05T12:21:17.044-05:00","eventName":"n8n.workflow.success","message":"n8n.workflow.success","payload":{"userId":"3cfc6297-cf54-4d29-8bfa-5326e00e5f56","executionId":"251","success":true,"isManual":true,"workflowId":"3kYmzLPLNg7gwIIAJDonT","workflowName":"My workflow"}}
{"__type":"$$EventMessageConfirm","confirm":"62b424ef-a0b7-4158-be85-bdcfb1fa9d7c","ts":"2026-02-05T12:21:17.044-05:00","source":{"id":"0","name":"eventBus"}}
{"__type":"$$EventMessageWorkflow","id":"18db9ff9-8cd3-4f8c-80b0-d1ffe20193f2","ts":"2026-02-05T12:22:43.432-05:00","eventName":"n8n.workflow.started","message":"n8n.workflow.started","payload":{"executionId":"252","workflowId":"3kYmzLPLNg7gwIIAJDonT","isManual":false,"workflowName":"My workflow"}}
{"__type":"$$EventMessageConfirm","confirm":"18db9ff9-8cd3-4f8c-80b0-d1ffe20193f2","ts":"2026-02-05T12:22:43.432-05:00","source":{"id":"0","name":"eventBus"}}
{"__type":"$$EventMessageNode","id":"45591059-ec31-477d-afed-14bc600c0d9a","ts":"2026-02-05T12:22:43.433-05:00","eventName":"n8n.node.started","message":"n8n.node.started","payload":{"workflowId":"3kYmzLPLNg7gwIIAJDonT","workflowName":"My workflow","executionId":"252","nodeType":"n8n-nodes-base.manualTrigger","nodeName":"When clicking ‘Execute workflow’","nodeId":"c3cdd1ab-2683-4f5e-9eb5-3eb43021363d"}}
{"__type":"$$EventMessageConfirm","confirm":"45591059-ec31-477d-afed-14bc600c0d9a","ts":"2026-02-05T12:22:43.433-05:00","source":{"id":"0","name":"eventBus"}}
{"__type":"$$EventMessageNode","id":"4ceefea8-56e8-44ca-aff7-f4aafd00ea88","ts":"2026-02-05T12:22:43.433-05:00","eventName":"n8n.node.finished","message":"n8n.node.finished","payload":{"workflowId":"3kYmzLPLNg7gwIIAJDonT","workflowName":"My workflow","executionId":"252","nodeType":"n8n-nodes-base.manualTrigger","nodeName":"When clicking ‘Execute workflow’","nodeId":"c3cdd1ab-2683-4f5e-9eb5-3eb43021363d"}}
{"__type":"$$EventMessageConfirm","confirm":"4ceefea8-56e8-44ca-aff7-f4aafd00ea88","ts":"2026-02-05T12:22:43.434-05:00","source":{"id":"0","name":"eventBus"}}
{"__type":"$$EventMessageNode","id":"a67bc4aa-b4fe-463c-8cd5-ce683583e2da","ts":"2026-02-05T12:22:43.434-05:00","eventName":"n8n.node.started","message":"n8n.node.started","payload":{"workflowId":"3kYmzLPLNg7gwIIAJDonT","workflowName":"My workflow","executionId":"252","nodeType":"n8n-nodes-base.postgres","nodeName":"Create_table","nodeId":"ba160939-ae0e-4231-8611-eb514b1bfb19"}}
{"__type":"$$EventMessageConfirm","confirm":"a67bc4aa-b4fe-463c-8cd5-ce683583e2da","ts":"2026-02-05T12:22:43.434-05:00","source":{"id":"0","name":"eventBus"}}
{"__type":"$$EventMessageNode","id":"60f20006-8273-4dfb-b97d-6255ca20e408","ts":"2026-02-05T12:22:44.564-05:00","eventName":"n8n.node.finished","message":"n8n.node.finished","payload":{"workflowId":"3kYmzLPLNg7gwIIAJDonT","workflowName":"My workflow","executionId":"252","nodeType":"n8n-nodes-base.postgres","nodeName":"Create_table","nodeId":"ba160939-ae0e-4231-8611-eb514b1bfb19"}}
{"__type":"$$EventMessageConfirm","confirm":"60f20006-8273-4dfb-b97d-6255ca20e408","ts":"2026-02-05T12:22:44.564-05:00","source":{"id":"0","name":"eventBus"}}
{"__type":"$$EventMessageWorkflow","id":"7058b11f-0f94-4df2-b7ba-e459b0f3b1a3","ts":"2026-02-05T12:22:44.568-05:00","eventName":"n8n.workflow.success","message":"n8n.workflow.success","payload":{"userId":"3cfc6297-cf54-4d29-8bfa-5326e00e5f56","executionId":"252","success":true,"isManual":true,"workflowId":"3kYmzLPLNg7gwIIAJDonT","workflowName":"My workflow"}}
{"__type":"$$EventMessageConfirm","confirm":"7058b11f-0f94-4df2-b7ba-e459b0f3b1a3","ts":"2026-02-05T12:22:44.568-05:00","source":{"id":"0","name":"eventBus"}}
{"__type":"$$EventMessageWorkflow","id":"9d1e3910-3a83-426e-9e02-5d9a5bd31e84","ts":"2026-02-05T12:23:20.710-05:00","eventName":"n8n.workflow.started","message":"n8n.workflow.started","payload":{"executionId":"253","workflowId":"3kYmzLPLNg7gwIIAJDonT","isManual":false,"workflowName":"My workflow"}}
{"__type":"$$EventMessageConfirm","confirm":"9d1e3910-3a83-426e-9e02-5d9a5bd31e84","ts":"2026-02-05T12:23:20.710-05:00","source":{"id":"0","name":"eventBus"}}
{"__type":"$$EventMessageNode","id":"84ab0272-5d89-4a23-a9a1-056b5f4205c1","ts":"2026-02-05T12:23:20.711-05:00","eventName":"n8n.node.started","message":"n8n.node.started","payload":{"workflowId":"3kYmzLPLNg7gwIIAJDonT","workflowName":"My workflow","executionId":"253","nodeType":"n8n-nodes-base.googleSheetsTrigger","nodeName":"Google Sheets Trigger(customer)","nodeId":"3fea9362-d5bf-4333-b38b-5c68b38633f8"}}
{"__type":"$$EventMessageConfirm","confirm":"84ab0272-5d89-4a23-a9a1-056b5f4205c1","ts":"2026-02-05T12:23:20.711-05:00","source":{"id":"0","name":"eventBus"}}
{"__type":"$$EventMessageNode","id":"383593e4-ad38-4297-a1ed-c8098eeec9be","ts":"2026-02-05T12:23:22.380-05:00","eventName":"n8n.node.finished","message":"n8n.node.finished","payload":{"workflowId":"3kYmzLPLNg7gwIIAJDonT","workflowName":"My workflow","executionId":"253","nodeType":"n8n-nodes-base.googleSheetsTrigger","nodeName":"Google Sheets Trigger(customer)","nodeId":"3fea9362-d5bf-4333-b38b-5c68b38633f8"}}
{"__type":"$$EventMessageConfirm","confirm":"383593e4-ad38-4297-a1ed-c8098eeec9be","ts":"2026-02-05T12:23:22.380-05:00","source":{"id":"0","name":"eventBus"}}
{"__type":"$$EventMessageNode","id":"38cfe08e-ca43-4f89-80f8-ee8ee851348e","ts":"2026-02-05T12:23:22.395-05:00","eventName":"n8n.node.started","message":"n8n.node.started","payload":{"workflowId":"3kYmzLPLNg7gwIIAJDonT","workflowName":"My workflow","executionId":"253","nodeType":"n8n-nodes-base.set","nodeName":"Mapping","nodeId":"e28c6e7d-7eda-4dfa-ad62-0cec76c594a1"}}
{"__type":"$$EventMessageConfirm","confirm":"38cfe08e-ca43-4f89-80f8-ee8ee851348e","ts":"2026-02-05T12:23:22.395-05:00","source":{"id":"0","name":"eventBus"}}
{"__type":"$$EventMessageNode","id":"5fd5430a-3554-47ee-ae39-1cd690a53b36","ts":"2026-02-05T12:23:23.059-05:00","eventName":"n8n.node.finished","message":"n8n.node.finished","payload":{"workflowId":"3kYmzLPLNg7gwIIAJDonT","workflowName":"My workflow","executionId":"253","nodeType":"n8n-nodes-base.set","nodeName":"Mapping","nodeId":"e28c6e7d-7eda-4dfa-ad62-0cec76c594a1"}}
{"__type":"$$EventMessageConfirm","confirm":"5fd5430a-3554-47ee-ae39-1cd690a53b36","ts":"2026-02-05T12:23:23.059-05:00","source":{"id":"0","name":"eventBus"}}
{"__type":"$$EventMessageNode","id":"30a4684d-8894-4cd4-98ba-f28c7241ed64","ts":"2026-02-05T12:23:23.070-05:00","eventName":"n8n.node.started","message":"n8n.node.started","payload":{"workflowId":"3kYmzLPLNg7gwIIAJDonT","workflowName":"My workflow","executionId":"253","nodeType":"n8n-nodes-base.code","nodeName":"Cleaning","nodeId":"b6fc077a-d82a-4fc6-a5f6-3221974930be"}}
{"__type":"$$EventMessageConfirm","confirm":"30a4684d-8894-4cd4-98ba-f28c7241ed64","ts":"2026-02-05T12:23:23.070-05:00","source":{"id":"0","name":"eventBus"}}
{"__type":"$$EventMessageRunner","id":"4ea103ff-9f2b-4672-9b56-0a02297fa85f","ts":"2026-02-05T12:23:23.074-05:00","eventName":"n8n.runner.task.requested","message":"n8n.runner.task.requested","payload":{"taskId":"NQSfQ13B","nodeId":"b6fc077a-d82a-4fc6-a5f6-3221974930be","workflowId":"3kYmzLPLNg7gwIIAJDonT","executionId":"253"}}
{"__type":"$$EventMessageConfirm","confirm":"4ea103ff-9f2b-4672-9b56-0a02297fa85f","ts":"2026-02-05T12:23:23.074-05:00","source":{"id":"0","name":"eventBus"}}
{"__type":"$$EventMessageRunner","id":"c52569c3-fc15-47ca-931a-d3f99094597b","ts":"2026-02-05T12:23:23.121-05:00","eventName":"n8n.runner.response.received","message":"n8n.runner.response.received","payload":{"taskId":"NQSfQ13B","nodeId":"b6fc077a-d82a-4fc6-a5f6-3221974930be","workflowId":"3kYmzLPLNg7gwIIAJDonT","executionId":"253"}}
{"__type":"$$EventMessageConfirm","confirm":"c52569c3-fc15-47ca-931a-d3f99094597b","ts":"2026-02-05T12:23:23.121-05:00","source":{"id":"0","name":"eventBus"}}
{"__type":"$$EventMessageNode","id":"6982a6d3-7af3-41df-9daf-73a5b4c61fa7","ts":"2026-02-05T12:23:23.123-05:00","eventName":"n8n.node.finished","message":"n8n.node.finished","payload":{"workflowId":"3kYmzLPLNg7gwIIAJDonT","workflowName":"My workflow","executionId":"253","nodeType":"n8n-nodes-base.code","nodeName":"Cleaning","nodeId":"b6fc077a-d82a-4fc6-a5f6-3221974930be"}}
{"__type":"$$EventMessageConfirm","confirm":"6982a6d3-7af3-41df-9daf-73a5b4c61fa7","ts":"2026-02-05T12:23:23.123-05:00","source":{"id":"0","name":"eventBus"}}
{"__type":"$$EventMessageNode","id":"931a396d-78a6-4229-93c9-cf02ac0ae8d9","ts":"2026-02-05T12:23:23.141-05:00","eventName":"n8n.node.started","message":"n8n.node.started","payload":{"workflowId":"3kYmzLPLNg7gwIIAJDonT","workflowName":"My workflow","executionId":"253","nodeType":"n8n-nodes-base.postgres","nodeName":"Insert customer","nodeId":"2d163ebc-4386-4976-9a33-e798a8bd41ba"}}
{"__type":"$$EventMessageConfirm","confirm":"931a396d-78a6-4229-93c9-cf02ac0ae8d9","ts":"2026-02-05T12:23:23.142-05:00","source":{"id":"0","name":"eventBus"}}
{"__type":"$$EventMessageNode","id":"c5ee6da8-6833-4d03-a67a-6f2b061354a1","ts":"2026-02-05T12:23:37.408-05:00","eventName":"n8n.node.finished","message":"n8n.node.finished","payload":{"workflowId":"3kYmzLPLNg7gwIIAJDonT","workflowName":"My workflow","executionId":"253","nodeType":"n8n-nodes-base.postgres","nodeName":"Insert customer","nodeId":"2d163ebc-4386-4976-9a33-e798a8bd41ba"}}
{"__type":"$$EventMessageConfirm","confirm":"c5ee6da8-6833-4d03-a67a-6f2b061354a1","ts":"2026-02-05T12:23:37.409-05:00","source":{"id":"0","name":"eventBus"}}
{"__type":"$$EventMessageWorkflow","id":"6398de9e-f236-47ff-88d2-b3e15d96a161","ts":"2026-02-05T12:23:37.413-05:00","eventName":"n8n.workflow.success","message":"n8n.workflow.success","payload":{"userId":"3cfc6297-cf54-4d29-8bfa-5326e00e5f56","executionId":"253","success":true,"isManual":true,"workflowId":"3kYmzLPLNg7gwIIAJDonT","workflowName":"My workflow"}}
{"__type":"$$EventMessageConfirm","confirm":"6398de9e-f236-47ff-88d2-b3e15d96a161","ts":"2026-02-05T12:23:37.414-05:00","source":{"id":"0","name":"eventBus"}}
{"__type":"$$EventMessageWorkflow","id":"94fa0591-fbc6-4428-871a-b34c66d2e9c4","ts":"2026-02-05T12:23:40.056-05:00","eventName":"n8n.workflow.started","message":"n8n.workflow.started","payload":{"executionId":"254","workflowId":"3kYmzLPLNg7gwIIAJDonT","isManual":false,"workflowName":"My workflow"}}
{"__type":"$$EventMessageConfirm","confirm":"94fa0591-fbc6-4428-871a-b34c66d2e9c4","ts":"2026-02-05T12:23:40.057-05:00","source":{"id":"0","name":"eventBus"}}
{"__type":"$$EventMessageNode","id":"16528978-0ab1-44dc-9977-b5ee292f791a","ts":"2026-02-05T12:23:40.058-05:00","eventName":"n8n.node.started","message":"n8n.node.started","payload":{"workflowId":"3kYmzLPLNg7gwIIAJDonT","workflowName":"My workflow","executionId":"254","nodeType":"n8n-nodes-base.googleSheetsTrigger","nodeName":"Google Sheets Trigger(Service)","nodeId":"a03c3bb9-0c89-42c4-8baa-75edbcf151a3"}}
{"__type":"$$EventMessageConfirm","confirm":"16528978-0ab1-44dc-9977-b5ee292f791a","ts":"2026-02-05T12:23:40.058-05:00","source":{"id":"0","name":"eventBus"}}
{"__type":"$$EventMessageNode","id":"5167c9eb-5093-4d76-998d-e414d52e0dfb","ts":"2026-02-05T12:23:42.062-05:00","eventName":"n8n.node.finished","message":"n8n.node.finished","payload":{"workflowId":"3kYmzLPLNg7gwIIAJDonT","workflowName":"My workflow","executionId":"254","nodeType":"n8n-nodes-base.googleSheetsTrigger","nodeName":"Google Sheets Trigger(Service)","nodeId":"a03c3bb9-0c89-42c4-8baa-75edbcf151a3"}}
{"__type":"$$EventMessageConfirm","confirm":"5167c9eb-5093-4d76-998d-e414d52e0dfb","ts":"2026-02-05T12:23:42.062-05:00","source":{"id":"0","name":"eventBus"}}
{"__type":"$$EventMessageNode","id":"6e476b3f-721c-4b36-9d15-9e9988d9170e","ts":"2026-02-05T12:23:42.068-05:00","eventName":"n8n.node.started","message":"n8n.node.started","payload":{"workflowId":"3kYmzLPLNg7gwIIAJDonT","workflowName":"My workflow","executionId":"254","nodeType":"n8n-nodes-base.set","nodeName":"Mapping1","nodeId":"864eb57f-5a54-479b-bdab-b610e08b7bc8"}}
{"__type":"$$EventMessageConfirm","confirm":"6e476b3f-721c-4b36-9d15-9e9988d9170e","ts":"2026-02-05T12:23:42.069-05:00","source":{"id":"0","name":"eventBus"}}
{"__type":"$$EventMessageNode","id":"2ba227b6-b7e8-4509-9e0c-1cfb11dac22a","ts":"2026-02-05T12:23:42.531-05:00","eventName":"n8n.node.finished","message":"n8n.node.finished","payload":{"workflowId":"3kYmzLPLNg7gwIIAJDonT","workflowName":"My workflow","executionId":"254","nodeType":"n8n-nodes-base.set","nodeName":"Mapping1","nodeId":"864eb57f-5a54-479b-bdab-b610e08b7bc8"}}
{"__type":"$$EventMessageConfirm","confirm":"2ba227b6-b7e8-4509-9e0c-1cfb11dac22a","ts":"2026-02-05T12:23:42.533-05:00","source":{"id":"0","name":"eventBus"}}
{"__type":"$$EventMessageNode","id":"822b4f3c-d0d2-453f-94bb-f9f477bbf48e","ts":"2026-02-05T12:23:42.547-05:00","eventName":"n8n.node.started","message":"n8n.node.started","payload":{"workflowId":"3kYmzLPLNg7gwIIAJDonT","workflowName":"My workflow","executionId":"254","nodeType":"n8n-nodes-base.code","nodeName":"Cleaning1","nodeId":"d2c038ae-370c-4e81-ae10-02982b299675"}}
{"__type":"$$EventMessageConfirm","confirm":"822b4f3c-d0d2-453f-94bb-f9f477bbf48e","ts":"2026-02-05T12:23:42.547-05:00","source":{"id":"0","name":"eventBus"}}
{"__type":"$$EventMessageRunner","id":"093bd07b-f4f4-47d3-b96f-03ae99fe2cd6","ts":"2026-02-05T12:23:42.557-05:00","eventName":"n8n.runner.task.requested","message":"n8n.runner.task.requested","payload":{"taskId":"uvQ6HakA","nodeId":"d2c038ae-370c-4e81-ae10-02982b299675","workflowId":"3kYmzLPLNg7gwIIAJDonT","executionId":"254"}}
{"__type":"$$EventMessageConfirm","confirm":"093bd07b-f4f4-47d3-b96f-03ae99fe2cd6","ts":"2026-02-05T12:23:42.557-05:00","source":{"id":"0","name":"eventBus"}}
{"__type":"$$EventMessageRunner","id":"7be48171-b723-4742-aec9-3d6f6bbced5e","ts":"2026-02-05T12:23:42.579-05:00","eventName":"n8n.runner.response.received","message":"n8n.runner.response.received","payload":{"taskId":"uvQ6HakA","nodeId":"d2c038ae-370c-4e81-ae10-02982b299675","workflowId":"3kYmzLPLNg7gwIIAJDonT","executionId":"254"}}
{"__type":"$$EventMessageConfirm","confirm":"7be48171-b723-4742-aec9-3d6f6bbced5e","ts":"2026-02-05T12:23:42.579-05:00","source":{"id":"0","name":"eventBus"}}
{"__type":"$$EventMessageNode","id":"b6da9539-88f5-4a83-b1ca-7633288fd4c3","ts":"2026-02-05T12:23:42.579-05:00","eventName":"n8n.node.finished","message":"n8n.node.finished","payload":{"workflowId":"3kYmzLPLNg7gwIIAJDonT","workflowName":"My workflow","executionId":"254","nodeType":"n8n-nodes-base.code","nodeName":"Cleaning1","nodeId":"d2c038ae-370c-4e81-ae10-02982b299675"}}
{"__type":"$$EventMessageConfirm","confirm":"b6da9539-88f5-4a83-b1ca-7633288fd4c3","ts":"2026-02-05T12:23:42.579-05:00","source":{"id":"0","name":"eventBus"}}
{"__type":"$$EventMessageNode","id":"4980339b-3841-4bec-8585-25370b7a2b77","ts":"2026-02-05T12:23:42.585-05:00","eventName":"n8n.node.started","message":"n8n.node.started","payload":{"workflowId":"3kYmzLPLNg7gwIIAJDonT","workflowName":"My workflow","executionId":"254","nodeType":"n8n-nodes-base.postgres","nodeName":"Insert service","nodeId":"48f7b4af-ff2e-4657-ba71-14f5eb2b5a80"}}
{"__type":"$$EventMessageConfirm","confirm":"4980339b-3841-4bec-8585-25370b7a2b77","ts":"2026-02-05T12:23:42.585-05:00","source":{"id":"0","name":"eventBus"}}
{"__type":"$$EventMessageNode","id":"d83ec1b8-2649-4171-9abd-902439b8ac85","ts":"2026-02-05T12:23:42.906-05:00","eventName":"n8n.node.finished","message":"n8n.node.finished","payload":{"workflowId":"3kYmzLPLNg7gwIIAJDonT","workflowName":"My workflow","executionId":"254","nodeType":"n8n-nodes-base.postgres","nodeName":"Insert service","nodeId":"48f7b4af-ff2e-4657-ba71-14f5eb2b5a80"}}
{"__type":"$$EventMessageConfirm","confirm":"d83ec1b8-2649-4171-9abd-902439b8ac85","ts":"2026-02-05T12:23:42.906-05:00","source":{"id":"0","name":"eventBus"}}
{"__type":"$$EventMessageWorkflow","id":"8c4408ca-1b60-4355-8cfb-c5919425d095","ts":"2026-02-05T12:23:42.909-05:00","eventName":"n8n.workflow.success","message":"n8n.workflow.success","payload":{"userId":"3cfc6297-cf54-4d29-8bfa-5326e00e5f56","executionId":"254","success":true,"isManual":true,"workflowId":"3kYmzLPLNg7gwIIAJDonT","workflowName":"My workflow"}}
{"__type":"$$EventMessageConfirm","confirm":"8c4408ca-1b60-4355-8cfb-c5919425d095","ts":"2026-02-05T12:23:42.909-05:00","source":{"id":"0","name":"eventBus"}}
{"__type":"$$EventMessageWorkflow","id":"1f579e70-9042-4efb-bb91-dc08ba0fda7f","ts":"2026-02-05T12:23:47.945-05:00","eventName":"n8n.workflow.started","message":"n8n.workflow.started","payload":{"executionId":"255","workflowId":"3kYmzLPLNg7gwIIAJDonT","isManual":false,"workflowName":"My workflow"}}
{"__type":"$$EventMessageConfirm","confirm":"1f579e70-9042-4efb-bb91-dc08ba0fda7f","ts":"2026-02-05T12:23:47.946-05:00","source":{"id":"0","name":"eventBus"}}
{"__type":"$$EventMessageNode","id":"958d75b4-fdf4-43e8-a85a-7314f85739a0","ts":"2026-02-05T12:23:47.947-05:00","eventName":"n8n.node.started","message":"n8n.node.started","payload":{"workflowId":"3kYmzLPLNg7gwIIAJDonT","workflowName":"My workflow","executionId":"255","nodeType":"n8n-nodes-base.googleSheetsTrigger","nodeName":"Google Sheets Trigger(employee)","nodeId":"5a7bf3a8-df7f-4877-b2b1-839e5a08ea70"}}
{"__type":"$$EventMessageConfirm","confirm":"958d75b4-fdf4-43e8-a85a-7314f85739a0","ts":"2026-02-05T12:23:47.947-05:00","source":{"id":"0","name":"eventBus"}}
{"__type":"$$EventMessageNode","id":"be769d61-167d-4032-9bb9-28cf2ed27206","ts":"2026-02-05T12:23:49.433-05:00","eventName":"n8n.node.finished","message":"n8n.node.finished","payload":{"workflowId":"3kYmzLPLNg7gwIIAJDonT","workflowName":"My workflow","executionId":"255","nodeType":"n8n-nodes-base.googleSheetsTrigger","nodeName":"Google Sheets Trigger(employee)","nodeId":"5a7bf3a8-df7f-4877-b2b1-839e5a08ea70"}}
{"__type":"$$EventMessageConfirm","confirm":"be769d61-167d-4032-9bb9-28cf2ed27206","ts":"2026-02-05T12:23:49.433-05:00","source":{"id":"0","name":"eventBus"}}
{"__type":"$$EventMessageNode","id":"7822aa94-c1e2-4f5d-a077-31d588055519","ts":"2026-02-05T12:23:49.434-05:00","eventName":"n8n.node.started","message":"n8n.node.started","payload":{"workflowId":"3kYmzLPLNg7gwIIAJDonT","workflowName":"My workflow","executionId":"255","nodeType":"n8n-nodes-base.set","nodeName":"Mapping2","nodeId":"1e9fc69c-a9f2-46ad-bfc9-4f6139bd84f9"}}
{"__type":"$$EventMessageConfirm","confirm":"7822aa94-c1e2-4f5d-a077-31d588055519","ts":"2026-02-05T12:23:49.434-05:00","source":{"id":"0","name":"eventBus"}}
{"__type":"$$EventMessageNode","id":"50ff55b9-cda5-4c09-8ef4-f80c2c335c5b","ts":"2026-02-05T12:23:49.454-05:00","eventName":"n8n.node.finished","message":"n8n.node.finished","payload":{"workflowId":"3kYmzLPLNg7gwIIAJDonT","workflowName":"My workflow","executionId":"255","nodeType":"n8n-nodes-base.set","nodeName":"Mapping2","nodeId":"1e9fc69c-a9f2-46ad-bfc9-4f6139bd84f9"}}
{"__type":"$$EventMessageConfirm","confirm":"50ff55b9-cda5-4c09-8ef4-f80c2c335c5b","ts":"2026-02-05T12:23:49.454-05:00","source":{"id":"0","name":"eventBus"}}
{"__type":"$$EventMessageNode","id":"1078b817-4733-4d72-b102-44ffc84cedbb","ts":"2026-02-05T12:23:49.455-05:00","eventName":"n8n.node.started","message":"n8n.node.started","payload":{"workflowId":"3kYmzLPLNg7gwIIAJDonT","workflowName":"My workflow","executionId":"255","nodeType":"n8n-nodes-base.code","nodeName":"Cleaning2","nodeId":"10a446b6-4422-48ef-9531-39672bad4b36"}}
{"__type":"$$EventMessageConfirm","confirm":"1078b817-4733-4d72-b102-44ffc84cedbb","ts":"2026-02-05T12:23:49.455-05:00","source":{"id":"0","name":"eventBus"}}
{"__type":"$$EventMessageRunner","id":"775ba6e3-2761-457e-8eac-ea6812eaa802","ts":"2026-02-05T12:23:49.456-05:00","eventName":"n8n.runner.task.requested","message":"n8n.runner.task.requested","payload":{"taskId":"A1XFFTsH","nodeId":"10a446b6-4422-48ef-9531-39672bad4b36","workflowId":"3kYmzLPLNg7gwIIAJDonT","executionId":"255"}}
{"__type":"$$EventMessageConfirm","confirm":"775ba6e3-2761-457e-8eac-ea6812eaa802","ts":"2026-02-05T12:23:49.456-05:00","source":{"id":"0","name":"eventBus"}}
{"__type":"$$EventMessageRunner","id":"36823b6b-af0b-40ef-ab56-97e2e44812e8","ts":"2026-02-05T12:23:49.462-05:00","eventName":"n8n.runner.response.received","message":"n8n.runner.response.received","payload":{"taskId":"A1XFFTsH","nodeId":"10a446b6-4422-48ef-9531-39672bad4b36","workflowId":"3kYmzLPLNg7gwIIAJDonT","executionId":"255"}}
{"__type":"$$EventMessageConfirm","confirm":"36823b6b-af0b-40ef-ab56-97e2e44812e8","ts":"2026-02-05T12:23:49.462-05:00","source":{"id":"0","name":"eventBus"}}
{"__type":"$$EventMessageNode","id":"550eb19d-98f4-4a9d-a90f-5a61f6b6d48c","ts":"2026-02-05T12:23:49.463-05:00","eventName":"n8n.node.finished","message":"n8n.node.finished","payload":{"workflowId":"3kYmzLPLNg7gwIIAJDonT","workflowName":"My workflow","executionId":"255","nodeType":"n8n-nodes-base.code","nodeName":"Cleaning2","nodeId":"10a446b6-4422-48ef-9531-39672bad4b36"}}
{"__type":"$$EventMessageConfirm","confirm":"550eb19d-98f4-4a9d-a90f-5a61f6b6d48c","ts":"2026-02-05T12:23:49.463-05:00","source":{"id":"0","name":"eventBus"}}
{"__type":"$$EventMessageNode","id":"5ee8d17b-b85d-4559-a48c-2b1b0c3d7c08","ts":"2026-02-05T12:23:49.463-05:00","eventName":"n8n.node.started","message":"n8n.node.started","payload":{"workflowId":"3kYmzLPLNg7gwIIAJDonT","workflowName":"My workflow","executionId":"255","nodeType":"n8n-nodes-base.postgres","nodeName":"Insert employee","nodeId":"d6f56daa-2339-4296-9bf3-520625bb0f04"}}
{"__type":"$$EventMessageConfirm","confirm":"5ee8d17b-b85d-4559-a48c-2b1b0c3d7c08","ts":"2026-02-05T12:23:49.463-05:00","source":{"id":"0","name":"eventBus"}}
{"__type":"$$EventMessageNode","id":"aba796d6-cdd6-402c-9373-18486ba3fa1b","ts":"2026-02-05T12:23:49.500-05:00","eventName":"n8n.node.finished","message":"n8n.node.finished","payload":{"workflowId":"3kYmzLPLNg7gwIIAJDonT","workflowName":"My workflow","executionId":"255","nodeType":"n8n-nodes-base.postgres","nodeName":"Insert employee","nodeId":"d6f56daa-2339-4296-9bf3-520625bb0f04"}}
{"__type":"$$EventMessageConfirm","confirm":"aba796d6-cdd6-402c-9373-18486ba3fa1b","ts":"2026-02-05T12:23:49.500-05:00","source":{"id":"0","name":"eventBus"}}
{"__type":"$$EventMessageWorkflow","id":"8fd75b59-5cd9-419b-b3f4-b6b732b7d857","ts":"2026-02-05T12:23:49.503-05:00","eventName":"n8n.workflow.success","message":"n8n.workflow.success","payload":{"userId":"3cfc6297-cf54-4d29-8bfa-5326e00e5f56","executionId":"255","success":true,"isManual":true,"workflowId":"3kYmzLPLNg7gwIIAJDonT","workflowName":"My workflow"}}
{"__type":"$$EventMessageConfirm","confirm":"8fd75b59-5cd9-419b-b3f4-b6b732b7d857","ts":"2026-02-05T12:23:49.503-05:00","source":{"id":"0","name":"eventBus"}}
{"__type":"$$EventMessageWorkflow","id":"10a6ef65-b273-45df-8235-f60b0e07211f","ts":"2026-02-05T12:23:52.679-05:00","eventName":"n8n.workflow.started","message":"n8n.workflow.started","payload":{"executionId":"256","workflowId":"3kYmzLPLNg7gwIIAJDonT","isManual":false,"workflowName":"My workflow"}}
{"__type":"$$EventMessageConfirm","confirm":"10a6ef65-b273-45df-8235-f60b0e07211f","ts":"2026-02-05T12:23:52.679-05:00","source":{"id":"0","name":"eventBus"}}
{"__type":"$$EventMessageNode","id":"fe0e2cb1-5b44-41b7-a45a-526fd6ef85bb","ts":"2026-02-05T12:23:52.680-05:00","eventName":"n8n.node.started","message":"n8n.node.started","payload":{"workflowId":"3kYmzLPLNg7gwIIAJDonT","workflowName":"My workflow","executionId":"256","nodeType":"n8n-nodes-base.googleSheetsTrigger","nodeName":"Google Sheets Trigger(appointment)","nodeId":"f43d6d6f-c43a-4fe8-af2f-6fce74ebec2c"}}
{"__type":"$$EventMessageConfirm","confirm":"fe0e2cb1-5b44-41b7-a45a-526fd6ef85bb","ts":"2026-02-05T12:23:52.680-05:00","source":{"id":"0","name":"eventBus"}}
{"__type":"$$EventMessageNode","id":"fff237cc-6514-4d58-bddc-185fe94732df","ts":"2026-02-05T12:23:54.196-05:00","eventName":"n8n.node.finished","message":"n8n.node.finished","payload":{"workflowId":"3kYmzLPLNg7gwIIAJDonT","workflowName":"My workflow","executionId":"256","nodeType":"n8n-nodes-base.googleSheetsTrigger","nodeName":"Google Sheets Trigger(appointment)","nodeId":"f43d6d6f-c43a-4fe8-af2f-6fce74ebec2c"}}
{"__type":"$$EventMessageConfirm","confirm":"fff237cc-6514-4d58-bddc-185fe94732df","ts":"2026-02-05T12:23:54.196-05:00","source":{"id":"0","name":"eventBus"}}
{"__type":"$$EventMessageNode","id":"fb79c210-d3b3-4a16-91be-dfa43bcf0067","ts":"2026-02-05T12:23:54.200-05:00","eventName":"n8n.node.started","message":"n8n.node.started","payload":{"workflowId":"3kYmzLPLNg7gwIIAJDonT","workflowName":"My workflow","executionId":"256","nodeType":"n8n-nodes-base.set","nodeName":"Mapping3","nodeId":"d5af232f-5ade-4dd2-bfca-2521531575cd"}}
{"__type":"$$EventMessageConfirm","confirm":"fb79c210-d3b3-4a16-91be-dfa43bcf0067","ts":"2026-02-05T12:23:54.200-05:00","source":{"id":"0","name":"eventBus"}}
{"__type":"$$EventMessageNode","id":"3a07ec76-127a-4a02-b7c6-d374fba2b63d","ts":"2026-02-05T12:23:54.422-05:00","eventName":"n8n.node.finished","message":"n8n.node.finished","payload":{"workflowId":"3kYmzLPLNg7gwIIAJDonT","workflowName":"My workflow","executionId":"256","nodeType":"n8n-nodes-base.set","nodeName":"Mapping3","nodeId":"d5af232f-5ade-4dd2-bfca-2521531575cd"}}
{"__type":"$$EventMessageConfirm","confirm":"3a07ec76-127a-4a02-b7c6-d374fba2b63d","ts":"2026-02-05T12:23:54.422-05:00","source":{"id":"0","name":"eventBus"}}
{"__type":"$$EventMessageNode","id":"adb491e0-3b07-4d0c-92d6-b62baa3253b3","ts":"2026-02-05T12:23:54.426-05:00","eventName":"n8n.node.started","message":"n8n.node.started","payload":{"workflowId":"3kYmzLPLNg7gwIIAJDonT","workflowName":"My workflow","executionId":"256","nodeType":"n8n-nodes-base.code","nodeName":"Cleaning3","nodeId":"8d613c12-e2a9-42b7-a24c-e0e22fd00487"}}
{"__type":"$$EventMessageConfirm","confirm":"adb491e0-3b07-4d0c-92d6-b62baa3253b3","ts":"2026-02-05T12:23:54.426-05:00","source":{"id":"0","name":"eventBus"}}
{"__type":"$$EventMessageRunner","id":"4c8c3a6a-4626-45e8-8b31-022198c6dfa2","ts":"2026-02-05T12:23:54.429-05:00","eventName":"n8n.runner.task.requested","message":"n8n.runner.task.requested","payload":{"taskId":"l0WqiGLs","nodeId":"8d613c12-e2a9-42b7-a24c-e0e22fd00487","workflowId":"3kYmzLPLNg7gwIIAJDonT","executionId":"256"}}
{"__type":"$$EventMessageConfirm","confirm":"4c8c3a6a-4626-45e8-8b31-022198c6dfa2","ts":"2026-02-05T12:23:54.429-05:00","source":{"id":"0","name":"eventBus"}}
{"__type":"$$EventMessageRunner","id":"d10d37de-e80e-4801-9b96-94f5db72e850","ts":"2026-02-05T12:23:54.452-05:00","eventName":"n8n.runner.response.received","message":"n8n.runner.response.received","payload":{"taskId":"l0WqiGLs","nodeId":"8d613c12-e2a9-42b7-a24c-e0e22fd00487","workflowId":"3kYmzLPLNg7gwIIAJDonT","executionId":"256"}}
{"__type":"$$EventMessageConfirm","confirm":"d10d37de-e80e-4801-9b96-94f5db72e850","ts":"2026-02-05T12:23:54.452-05:00","source":{"id":"0","name":"eventBus"}}
{"__type":"$$EventMessageNode","id":"7000e10e-3cde-4c4d-82a1-93026c412c9e","ts":"2026-02-05T12:23:54.452-05:00","eventName":"n8n.node.finished","message":"n8n.node.finished","payload":{"workflowId":"3kYmzLPLNg7gwIIAJDonT","workflowName":"My workflow","executionId":"256","nodeType":"n8n-nodes-base.code","nodeName":"Cleaning3","nodeId":"8d613c12-e2a9-42b7-a24c-e0e22fd00487"}}
{"__type":"$$EventMessageConfirm","confirm":"7000e10e-3cde-4c4d-82a1-93026c412c9e","ts":"2026-02-05T12:23:54.452-05:00","source":{"id":"0","name":"eventBus"}}
{"__type":"$$EventMessageNode","id":"2c9b922a-6fba-4149-806f-c2aa3d4a648f","ts":"2026-02-05T12:23:54.459-05:00","eventName":"n8n.node.started","message":"n8n.node.started","payload":{"workflowId":"3kYmzLPLNg7gwIIAJDonT","workflowName":"My workflow","executionId":"256","nodeType":"n8n-nodes-base.postgres","nodeName":"Insert appointment","nodeId":"37ed8703-a92d-4062-ad8a-e8aa705c008e"}}
{"__type":"$$EventMessageConfirm","confirm":"2c9b922a-6fba-4149-806f-c2aa3d4a648f","ts":"2026-02-05T12:23:54.459-05:00","source":{"id":"0","name":"eventBus"}}
{"__type":"$$EventMessageNode","id":"3f165bb1-38a1-4f92-b072-616347afc833","ts":"2026-02-05T12:23:54.708-05:00","eventName":"n8n.node.finished","message":"n8n.node.finished","payload":{"workflowId":"3kYmzLPLNg7gwIIAJDonT","workflowName":"My workflow","executionId":"256","nodeType":"n8n-nodes-base.postgres","nodeName":"Insert appointment","nodeId":"37ed8703-a92d-4062-ad8a-e8aa705c008e"}}
{"__type":"$$EventMessageConfirm","confirm":"3f165bb1-38a1-4f92-b072-616347afc833","ts":"2026-02-05T12:23:54.708-05:00","source":{"id":"0","name":"eventBus"}}
{"__type":"$$EventMessageWorkflow","id":"0758cd44-2766-4a89-86ba-8310880a3cc1","ts":"2026-02-05T12:23:54.711-05:00","eventName":"n8n.workflow.success","message":"n8n.workflow.success","payload":{"userId":"3cfc6297-cf54-4d29-8bfa-5326e00e5f56","executionId":"256","success":true,"isManual":true,"workflowId":"3kYmzLPLNg7gwIIAJDonT","workflowName":"My workflow"}}
{"__type":"$$EventMessageConfirm","confirm":"0758cd44-2766-4a89-86ba-8310880a3cc1","ts":"2026-02-05T12:23:54.711-05:00","source":{"id":"0","name":"eventBus"}}
{"__type":"$$EventMessageWorkflow","id":"2a773206-ad32-4a9b-b734-cf5f05f01f7e","ts":"2026-02-05T12:24:00.385-05:00","eventName":"n8n.workflow.started","message":"n8n.workflow.started","payload":{"executionId":"257","workflowId":"3kYmzLPLNg7gwIIAJDonT","isManual":false,"workflowName":"My workflow"}}
{"__type":"$$EventMessageConfirm","confirm":"2a773206-ad32-4a9b-b734-cf5f05f01f7e","ts":"2026-02-05T12:24:00.386-05:00","source":{"id":"0","name":"eventBus"}}
{"__type":"$$EventMessageNode","id":"a320f994-e989-4427-aa95-a5c17d023b09","ts":"2026-02-05T12:24:00.387-05:00","eventName":"n8n.node.started","message":"n8n.node.started","payload":{"workflowId":"3kYmzLPLNg7gwIIAJDonT","workflowName":"My workflow","executionId":"257","nodeType":"n8n-nodes-base.googleSheetsTrigger","nodeName":"Google Sheets Trigger(review)","nodeId":"3615845d-8701-45f2-a12d-1300fc6b01e9"}}
{"__type":"$$EventMessageConfirm","confirm":"a320f994-e989-4427-aa95-a5c17d023b09","ts":"2026-02-05T12:24:00.387-05:00","source":{"id":"0","name":"eventBus"}}
{"__type":"$$EventMessageNode","id":"878b0279-0852-4b14-a462-3019d076bfee","ts":"2026-02-05T12:24:02.222-05:00","eventName":"n8n.node.finished","message":"n8n.node.finished","payload":{"workflowId":"3kYmzLPLNg7gwIIAJDonT","workflowName":"My workflow","executionId":"257","nodeType":"n8n-nodes-base.googleSheetsTrigger","nodeName":"Google Sheets Trigger(review)","nodeId":"3615845d-8701-45f2-a12d-1300fc6b01e9"}}
{"__type":"$$EventMessageConfirm","confirm":"878b0279-0852-4b14-a462-3019d076bfee","ts":"2026-02-05T12:24:02.222-05:00","source":{"id":"0","name":"eventBus"}}
{"__type":"$$EventMessageNode","id":"1423041a-820f-4070-b256-ed76a22aee9b","ts":"2026-02-05T12:24:02.226-05:00","eventName":"n8n.node.started","message":"n8n.node.started","payload":{"workflowId":"3kYmzLPLNg7gwIIAJDonT","workflowName":"My workflow","executionId":"257","nodeType":"n8n-nodes-base.set","nodeName":"Mapping4","nodeId":"afa72bed-efbf-4e5f-8a81-cdb77b15f007"}}
{"__type":"$$EventMessageConfirm","confirm":"1423041a-820f-4070-b256-ed76a22aee9b","ts":"2026-02-05T12:24:02.226-05:00","source":{"id":"0","name":"eventBus"}}
{"__type":"$$EventMessageNode","id":"04cf9ea4-5961-4551-b0ff-4a183c99fb05","ts":"2026-02-05T12:24:02.494-05:00","eventName":"n8n.node.finished","message":"n8n.node.finished","payload":{"workflowId":"3kYmzLPLNg7gwIIAJDonT","workflowName":"My workflow","executionId":"257","nodeType":"n8n-nodes-base.set","nodeName":"Mapping4","nodeId":"afa72bed-efbf-4e5f-8a81-cdb77b15f007"}}
{"__type":"$$EventMessageConfirm","confirm":"04cf9ea4-5961-4551-b0ff-4a183c99fb05","ts":"2026-02-05T12:24:02.494-05:00","source":{"id":"0","name":"eventBus"}}
{"__type":"$$EventMessageNode","id":"cb2d07af-320c-4df8-a230-d1a9e8b10455","ts":"2026-02-05T12:24:02.498-05:00","eventName":"n8n.node.started","message":"n8n.node.started","payload":{"workflowId":"3kYmzLPLNg7gwIIAJDonT","workflowName":"My workflow","executionId":"257","nodeType":"n8n-nodes-base.code","nodeName":"Cleaning4","nodeId":"d9f88e47-39bc-4daf-9114-a76f4452ac34"}}
{"__type":"$$EventMessageConfirm","confirm":"cb2d07af-320c-4df8-a230-d1a9e8b10455","ts":"2026-02-05T12:24:02.498-05:00","source":{"id":"0","name":"eventBus"}}
{"__type":"$$EventMessageRunner","id":"0854c479-fee2-43cc-969f-e47bdff5fc44","ts":"2026-02-05T12:24:02.500-05:00","eventName":"n8n.runner.task.requested","message":"n8n.runner.task.requested","payload":{"taskId":"nS4UDpPH","nodeId":"d9f88e47-39bc-4daf-9114-a76f4452ac34","workflowId":"3kYmzLPLNg7gwIIAJDonT","executionId":"257"}}
{"__type":"$$EventMessageConfirm","confirm":"0854c479-fee2-43cc-969f-e47bdff5fc44","ts":"2026-02-05T12:24:02.500-05:00","source":{"id":"0","name":"eventBus"}}
{"__type":"$$EventMessageRunner","id":"f9c4340f-1164-4bfc-84ca-b9bf9d9eb064","ts":"2026-02-05T12:24:02.518-05:00","eventName":"n8n.runner.response.received","message":"n8n.runner.response.received","payload":{"taskId":"nS4UDpPH","nodeId":"d9f88e47-39bc-4daf-9114-a76f4452ac34","workflowId":"3kYmzLPLNg7gwIIAJDonT","executionId":"257"}}
{"__type":"$$EventMessageConfirm","confirm":"f9c4340f-1164-4bfc-84ca-b9bf9d9eb064","ts":"2026-02-05T12:24:02.518-05:00","source":{"id":"0","name":"eventBus"}}
{"__type":"$$EventMessageNode","id":"b41132d5-3bc8-449c-a346-5fcb09c2acbf","ts":"2026-02-05T12:24:02.518-05:00","eventName":"n8n.node.finished","message":"n8n.node.finished","payload":{"workflowId":"3kYmzLPLNg7gwIIAJDonT","workflowName":"My workflow","executionId":"257","nodeType":"n8n-nodes-base.code","nodeName":"Cleaning4","nodeId":"d9f88e47-39bc-4daf-9114-a76f4452ac34"}}
{"__type":"$$EventMessageConfirm","confirm":"b41132d5-3bc8-449c-a346-5fcb09c2acbf","ts":"2026-02-05T12:24:02.518-05:00","source":{"id":"0","name":"eventBus"}}
{"__type":"$$EventMessageNode","id":"54f5c6ed-c45e-4006-a819-45f2efabad31","ts":"2026-02-05T12:24:02.521-05:00","eventName":"n8n.node.started","message":"n8n.node.started","payload":{"workflowId":"3kYmzLPLNg7gwIIAJDonT","workflowName":"My workflow","executionId":"257","nodeType":"n8n-nodes-base.postgres","nodeName":"Insert review","nodeId":"325a8a8d-6d1a-4ba6-9e03-6f59ed58b8b0"}}
{"__type":"$$EventMessageConfirm","confirm":"54f5c6ed-c45e-4006-a819-45f2efabad31","ts":"2026-02-05T12:24:02.521-05:00","source":{"id":"0","name":"eventBus"}}
{"__type":"$$EventMessageNode","id":"e68084b8-3657-4dcf-bb32-8ab0bcf105cd","ts":"2026-02-05T12:24:14.774-05:00","eventName":"n8n.node.finished","message":"n8n.node.finished","payload":{"workflowId":"3kYmzLPLNg7gwIIAJDonT","workflowName":"My workflow","executionId":"257","nodeType":"n8n-nodes-base.postgres","nodeName":"Insert review","nodeId":"325a8a8d-6d1a-4ba6-9e03-6f59ed58b8b0"}}
{"__type":"$$EventMessageConfirm","confirm":"e68084b8-3657-4dcf-bb32-8ab0bcf105cd","ts":"2026-02-05T12:24:14.775-05:00","source":{"id":"0","name":"eventBus"}}
{"__type":"$$EventMessageWorkflow","id":"b706b615-3257-436b-97d5-e6c9b7596ad1","ts":"2026-02-05T12:24:14.779-05:00","eventName":"n8n.workflow.success","message":"n8n.workflow.success","payload":{"userId":"3cfc6297-cf54-4d29-8bfa-5326e00e5f56","executionId":"257","success":true,"isManual":true,"workflowId":"3kYmzLPLNg7gwIIAJDonT","workflowName":"My workflow"}}
{"__type":"$$EventMessageConfirm","confirm":"b706b615-3257-436b-97d5-e6c9b7596ad1","ts":"2026-02-05T12:24:14.779-05:00","source":{"id":"0","name":"eventBus"}}
{"__type":"$$EventMessageAudit","id":"8932a445-256f-4000-8edf-fd981aac063c","ts":"2026-02-05T12:24:18.357-05:00","eventName":"n8n.audit.workflow.updated","message":"n8n.audit.workflow.updated","payload":{"userId":"3cfc6297-cf54-4d29-8bfa-5326e00e5f56","_email":"cuongdodanh.pr@gmail.com","_firstName":"Linh","_lastName":"Hoang","globalRole":"global:owner","workflowId":"3kYmzLPLNg7gwIIAJDonT","workflowName":"My workflow"}}
{"__type":"$$EventMessageConfirm","confirm":"8932a445-256f-4000-8edf-fd981aac063c","ts":"2026-02-05T12:24:18.357-05:00","source":{"id":"0","name":"eventBus"}}
{"__type":"$$EventMessageWorkflow","id":"36e21950-4deb-43d2-9fad-8da4960ea168","ts":"2026-02-05T12:26:28.746-05:00","eventName":"n8n.workflow.started","message":"n8n.workflow.started","payload":{"executionId":"258","workflowId":"3kYmzLPLNg7gwIIAJDonT","isManual":false,"workflowName":"My workflow"}}
{"__type":"$$EventMessageConfirm","confirm":"36e21950-4deb-43d2-9fad-8da4960ea168","ts":"2026-02-05T12:26:28.746-05:00","source":{"id":"0","name":"eventBus"}}
{"__type":"$$EventMessageNode","id":"70db09e3-c95f-4720-96f4-3ac8864700c7","ts":"2026-02-05T12:26:28.747-05:00","eventName":"n8n.node.started","message":"n8n.node.started","payload":{"workflowId":"3kYmzLPLNg7gwIIAJDonT","workflowName":"My workflow","executionId":"258","nodeType":"n8n-nodes-base.googleSheetsTrigger","nodeName":"Google Sheets Trigger(appointment)","nodeId":"f43d6d6f-c43a-4fe8-af2f-6fce74ebec2c"}}
{"__type":"$$EventMessageConfirm","confirm":"70db09e3-c95f-4720-96f4-3ac8864700c7","ts":"2026-02-05T12:26:28.747-05:00","source":{"id":"0","name":"eventBus"}}
{"__type":"$$EventMessageNode","id":"0f44fc8f-2885-48bb-9feb-8469f1949b4b","ts":"2026-02-05T12:26:30.351-05:00","eventName":"n8n.node.finished","message":"n8n.node.finished","payload":{"workflowId":"3kYmzLPLNg7gwIIAJDonT","workflowName":"My workflow","executionId":"258","nodeType":"n8n-nodes-base.googleSheetsTrigger","nodeName":"Google Sheets Trigger(appointment)","nodeId":"f43d6d6f-c43a-4fe8-af2f-6fce74ebec2c"}}
{"__type":"$$EventMessageConfirm","confirm":"0f44fc8f-2885-48bb-9feb-8469f1949b4b","ts":"2026-02-05T12:26:30.351-05:00","source":{"id":"0","name":"eventBus"}}
{"__type":"$$EventMessageWorkflow","id":"de808f58-1cea-4e33-96a8-cf526c010794","ts":"2026-02-05T12:26:30.360-05:00","eventName":"n8n.workflow.success","message":"n8n.workflow.success","payload":{"userId":"3cfc6297-cf54-4d29-8bfa-5326e00e5f56","executionId":"258","success":true,"isManual":true,"workflowId":"3kYmzLPLNg7gwIIAJDonT","workflowName":"My workflow"}}
{"__type":"$$EventMessageConfirm","confirm":"de808f58-1cea-4e33-96a8-cf526c010794","ts":"2026-02-05T12:26:30.360-05:00","source":{"id":"0","name":"eventBus"}}
{"__type":"$$EventMessageWorkflow","id":"7d175026-8ef6-44b5-997c-91a26f55d929","ts":"2026-02-05T12:26:34.788-05:00","eventName":"n8n.workflow.started","message":"n8n.workflow.started","payload":{"executionId":"259","workflowId":"3kYmzLPLNg7gwIIAJDonT","isManual":false,"workflowName":"My workflow"}}
{"__type":"$$EventMessageConfirm","confirm":"7d175026-8ef6-44b5-997c-91a26f55d929","ts":"2026-02-05T12:26:34.788-05:00","source":{"id":"0","name":"eventBus"}}
{"__type":"$$EventMessageNode","id":"8e72b43e-33e9-4bb8-a9e0-2935160890b1","ts":"2026-02-05T12:26:34.792-05:00","eventName":"n8n.node.started","message":"n8n.node.started","payload":{"workflowId":"3kYmzLPLNg7gwIIAJDonT","workflowName":"My workflow","executionId":"259","nodeType":"n8n-nodes-base.set","nodeName":"Mapping3","nodeId":"d5af232f-5ade-4dd2-bfca-2521531575cd"}}
{"__type":"$$EventMessageConfirm","confirm":"8e72b43e-33e9-4bb8-a9e0-2935160890b1","ts":"2026-02-05T12:26:34.793-05:00","source":{"id":"0","name":"eventBus"}}
{"__type":"$$EventMessageNode","id":"052f9ce9-9a64-4259-b5fa-6bca24ea7a4b","ts":"2026-02-05T12:26:35.055-05:00","eventName":"n8n.node.finished","message":"n8n.node.finished","payload":{"workflowId":"3kYmzLPLNg7gwIIAJDonT","workflowName":"My workflow","executionId":"259","nodeType":"n8n-nodes-base.set","nodeName":"Mapping3","nodeId":"d5af232f-5ade-4dd2-bfca-2521531575cd"}}
{"__type":"$$EventMessageConfirm","confirm":"052f9ce9-9a64-4259-b5fa-6bca24ea7a4b","ts":"2026-02-05T12:26:35.055-05:00","source":{"id":"0","name":"eventBus"}}
{"__type":"$$EventMessageWorkflow","id":"0fd672f0-1e63-4f93-b438-26fdc7bab6eb","ts":"2026-02-05T12:26:35.061-05:00","eventName":"n8n.workflow.success","message":"n8n.workflow.success","payload":{"userId":"3cfc6297-cf54-4d29-8bfa-5326e00e5f56","executionId":"259","success":true,"isManual":true,"workflowId":"3kYmzLPLNg7gwIIAJDonT","workflowName":"My workflow"}}
{"__type":"$$EventMessageConfirm","confirm":"0fd672f0-1e63-4f93-b438-26fdc7bab6eb","ts":"2026-02-05T12:26:35.062-05:00","source":{"id":"0","name":"eventBus"}}
{"__type":"$$EventMessageWorkflow","id":"446b3e78-6d20-41e9-a823-37bcb44d463c","ts":"2026-02-05T12:26:38.452-05:00","eventName":"n8n.workflow.started","message":"n8n.workflow.started","payload":{"executionId":"260","workflowId":"3kYmzLPLNg7gwIIAJDonT","isManual":false,"workflowName":"My workflow"}}
{"__type":"$$EventMessageConfirm","confirm":"446b3e78-6d20-41e9-a823-37bcb44d463c","ts":"2026-02-05T12:26:38.452-05:00","source":{"id":"0","name":"eventBus"}}
{"__type":"$$EventMessageNode","id":"2b50ee23-6c32-473b-865e-f967d08a0711","ts":"2026-02-05T12:26:38.459-05:00","eventName":"n8n.node.started","message":"n8n.node.started","payload":{"workflowId":"3kYmzLPLNg7gwIIAJDonT","workflowName":"My workflow","executionId":"260","nodeType":"n8n-nodes-base.code","nodeName":"Cleaning3","nodeId":"8d613c12-e2a9-42b7-a24c-e0e22fd00487"}}
{"__type":"$$EventMessageConfirm","confirm":"2b50ee23-6c32-473b-865e-f967d08a0711","ts":"2026-02-05T12:26:38.459-05:00","source":{"id":"0","name":"eventBus"}}
{"__type":"$$EventMessageRunner","id":"ce133bcb-5a9c-470b-b352-3c78bff21712","ts":"2026-02-05T12:26:38.460-05:00","eventName":"n8n.runner.task.requested","message":"n8n.runner.task.requested","payload":{"taskId":"oHREgdpW","nodeId":"8d613c12-e2a9-42b7-a24c-e0e22fd00487","workflowId":"3kYmzLPLNg7gwIIAJDonT","executionId":"260"}}
{"__type":"$$EventMessageConfirm","confirm":"ce133bcb-5a9c-470b-b352-3c78bff21712","ts":"2026-02-05T12:26:38.460-05:00","source":{"id":"0","name":"eventBus"}}
{"__type":"$$EventMessageRunner","id":"4d26edfc-9c20-4b7a-951d-af511078daa3","ts":"2026-02-05T12:26:38.473-05:00","eventName":"n8n.runner.response.received","message":"n8n.runner.response.received","payload":{"taskId":"oHREgdpW","nodeId":"8d613c12-e2a9-42b7-a24c-e0e22fd00487","workflowId":"3kYmzLPLNg7gwIIAJDonT","executionId":"260"}}
{"__type":"$$EventMessageConfirm","confirm":"4d26edfc-9c20-4b7a-951d-af511078daa3","ts":"2026-02-05T12:26:38.473-05:00","source":{"id":"0","name":"eventBus"}}
{"__type":"$$EventMessageNode","id":"2a7f954c-965a-4062-9076-75b075120c24","ts":"2026-02-05T12:26:38.473-05:00","eventName":"n8n.node.finished","message":"n8n.node.finished","payload":{"workflowId":"3kYmzLPLNg7gwIIAJDonT","workflowName":"My workflow","executionId":"260","nodeType":"n8n-nodes-base.code","nodeName":"Cleaning3","nodeId":"8d613c12-e2a9-42b7-a24c-e0e22fd00487"}}
{"__type":"$$EventMessageConfirm","confirm":"2a7f954c-965a-4062-9076-75b075120c24","ts":"2026-02-05T12:26:38.473-05:00","source":{"id":"0","name":"eventBus"}}
{"__type":"$$EventMessageWorkflow","id":"e2c908c3-ffb5-4c0d-a885-1022bf7c3e7a","ts":"2026-02-05T12:26:38.478-05:00","eventName":"n8n.workflow.success","message":"n8n.workflow.success","payload":{"userId":"3cfc6297-cf54-4d29-8bfa-5326e00e5f56","executionId":"260","success":true,"isManual":true,"workflowId":"3kYmzLPLNg7gwIIAJDonT","workflowName":"My workflow"}}
{"__type":"$$EventMessageConfirm","confirm":"e2c908c3-ffb5-4c0d-a885-1022bf7c3e7a","ts":"2026-02-05T12:26:38.478-05:00","source":{"id":"0","name":"eventBus"}}
{"__type":"$$EventMessageWorkflow","id":"264b1d9b-c9b4-41fa-9c6d-dcbaa9808155","ts":"2026-02-05T12:27:19.499-05:00","eventName":"n8n.workflow.started","message":"n8n.workflow.started","payload":{"executionId":"261","workflowId":"3kYmzLPLNg7gwIIAJDonT","isManual":false,"workflowName":"My workflow"}}
{"__type":"$$EventMessageConfirm","confirm":"264b1d9b-c9b4-41fa-9c6d-dcbaa9808155","ts":"2026-02-05T12:27:19.499-05:00","source":{"id":"0","name":"eventBus"}}
{"__type":"$$EventMessageNode","id":"c3a17d0c-b39c-4545-a2d5-17763cb4a68b","ts":"2026-02-05T12:27:19.509-05:00","eventName":"n8n.node.started","message":"n8n.node.started","payload":{"workflowId":"3kYmzLPLNg7gwIIAJDonT","workflowName":"My workflow","executionId":"261","nodeType":"n8n-nodes-base.postgres","nodeName":"Insert appointment","nodeId":"37ed8703-a92d-4062-ad8a-e8aa705c008e"}}
{"__type":"$$EventMessageConfirm","confirm":"c3a17d0c-b39c-4545-a2d5-17763cb4a68b","ts":"2026-02-05T12:27:19.509-05:00","source":{"id":"0","name":"eventBus"}}
{"__type":"$$EventMessageNode","id":"b013d14d-c07f-4cb1-8b50-c339dc6fe0e5","ts":"2026-02-05T12:27:19.805-05:00","eventName":"n8n.node.finished","message":"n8n.node.finished","payload":{"workflowId":"3kYmzLPLNg7gwIIAJDonT","workflowName":"My workflow","executionId":"261","nodeType":"n8n-nodes-base.postgres","nodeName":"Insert appointment","nodeId":"37ed8703-a92d-4062-ad8a-e8aa705c008e"}}
{"__type":"$$EventMessageConfirm","confirm":"b013d14d-c07f-4cb1-8b50-c339dc6fe0e5","ts":"2026-02-05T12:27:19.805-05:00","source":{"id":"0","name":"eventBus"}}
{"__type":"$$EventMessageWorkflow","id":"e02ddb71-3d47-4d94-a254-3f57036cacdf","ts":"2026-02-05T12:27:19.811-05:00","eventName":"n8n.workflow.success","message":"n8n.workflow.success","payload":{"userId":"3cfc6297-cf54-4d29-8bfa-5326e00e5f56","executionId":"261","success":true,"isManual":true,"workflowId":"3kYmzLPLNg7gwIIAJDonT","workflowName":"My workflow"}}
{"__type":"$$EventMessageConfirm","confirm":"e02ddb71-3d47-4d94-a254-3f57036cacdf","ts":"2026-02-05T12:27:19.811-05:00","source":{"id":"0","name":"eventBus"}}
{"__type":"$$EventMessageWorkflow","id":"2af87508-98f8-4bf7-af60-4bad711ac22d","ts":"2026-02-05T12:27:54.907-05:00","eventName":"n8n.workflow.started","message":"n8n.workflow.started","payload":{"executionId":"262","workflowId":"3kYmzLPLNg7gwIIAJDonT","isManual":false,"workflowName":"My workflow"}}
{"__type":"$$EventMessageConfirm","confirm":"2af87508-98f8-4bf7-af60-4bad711ac22d","ts":"2026-02-05T12:27:54.907-05:00","source":{"id":"0","name":"eventBus"}}
{"__type":"$$EventMessageNode","id":"3c168a8f-3370-4824-9dcc-17f3551a92b9","ts":"2026-02-05T12:27:54.922-05:00","eventName":"n8n.node.started","message":"n8n.node.started","payload":{"workflowId":"3kYmzLPLNg7gwIIAJDonT","workflowName":"My workflow","executionId":"262","nodeType":"n8n-nodes-base.postgres","nodeName":"Insert appointment","nodeId":"37ed8703-a92d-4062-ad8a-e8aa705c008e"}}
{"__type":"$$EventMessageConfirm","confirm":"3c168a8f-3370-4824-9dcc-17f3551a92b9","ts":"2026-02-05T12:27:54.922-05:00","source":{"id":"0","name":"eventBus"}}
{"__type":"$$EventMessageNode","id":"99ecf5d9-e2e4-4eec-ad35-5846df814073","ts":"2026-02-05T12:27:55.211-05:00","eventName":"n8n.node.finished","message":"n8n.node.finished","payload":{"workflowId":"3kYmzLPLNg7gwIIAJDonT","workflowName":"My workflow","executionId":"262","nodeType":"n8n-nodes-base.postgres","nodeName":"Insert appointment","nodeId":"37ed8703-a92d-4062-ad8a-e8aa705c008e"}}
{"__type":"$$EventMessageConfirm","confirm":"99ecf5d9-e2e4-4eec-ad35-5846df814073","ts":"2026-02-05T12:27:55.211-05:00","source":{"id":"0","name":"eventBus"}}
{"__type":"$$EventMessageWorkflow","id":"d3b81cf0-65de-4dff-87b9-6c6d2feee2e6","ts":"2026-02-05T12:27:55.213-05:00","eventName":"n8n.workflow.failed","message":"n8n.workflow.failed","payload":{"userId":"3cfc6297-cf54-4d29-8bfa-5326e00e5f56","executionId":"262","success":false,"isManual":true,"workflowId":"3kYmzLPLNg7gwIIAJDonT","workflowName":"My workflow","lastNodeExecuted":"Insert appointment","errorNodeType":"n8n-nodes-base.postgres","errorMessage":"INSERT has more expressions than target columns"}}
{"__type":"$$EventMessageConfirm","confirm":"d3b81cf0-65de-4dff-87b9-6c6d2feee2e6","ts":"2026-02-05T12:27:55.213-05:00","source":{"id":"0","name":"eventBus"}}
{"__type":"$$EventMessageWorkflow","id":"886322fa-a8d3-4670-8e40-cf4a2299a0ab","ts":"2026-02-05T12:28:16.198-05:00","eventName":"n8n.workflow.started","message":"n8n.workflow.started","payload":{"executionId":"263","workflowId":"3kYmzLPLNg7gwIIAJDonT","isManual":false,"workflowName":"My workflow"}}
{"__type":"$$EventMessageConfirm","confirm":"886322fa-a8d3-4670-8e40-cf4a2299a0ab","ts":"2026-02-05T12:28:16.198-05:00","source":{"id":"0","name":"eventBus"}}
{"__type":"$$EventMessageNode","id":"f6a5790d-b1a7-4493-ba0a-13617e0a2ec0","ts":"2026-02-05T12:28:16.212-05:00","eventName":"n8n.node.started","message":"n8n.node.started","payload":{"workflowId":"3kYmzLPLNg7gwIIAJDonT","workflowName":"My workflow","executionId":"263","nodeType":"n8n-nodes-base.postgres","nodeName":"Insert appointment","nodeId":"37ed8703-a92d-4062-ad8a-e8aa705c008e"}}
{"__type":"$$EventMessageConfirm","confirm":"f6a5790d-b1a7-4493-ba0a-13617e0a2ec0","ts":"2026-02-05T12:28:16.212-05:00","source":{"id":"0","name":"eventBus"}}
{"__type":"$$EventMessageNode","id":"5d1beb6f-7384-41b3-aa3f-4b55994f2962","ts":"2026-02-05T12:28:16.477-05:00","eventName":"n8n.node.finished","message":"n8n.node.finished","payload":{"workflowId":"3kYmzLPLNg7gwIIAJDonT","workflowName":"My workflow","executionId":"263","nodeType":"n8n-nodes-base.postgres","nodeName":"Insert appointment","nodeId":"37ed8703-a92d-4062-ad8a-e8aa705c008e"}}
{"__type":"$$EventMessageConfirm","confirm":"5d1beb6f-7384-41b3-aa3f-4b55994f2962","ts":"2026-02-05T12:28:16.477-05:00","source":{"id":"0","name":"eventBus"}}
{"__type":"$$EventMessageWorkflow","id":"531066c7-7d6e-4908-8c8b-6da8d6628ae3","ts":"2026-02-05T12:28:16.480-05:00","eventName":"n8n.workflow.failed","message":"n8n.workflow.failed","payload":{"userId":"3cfc6297-cf54-4d29-8bfa-5326e00e5f56","executionId":"263","success":false,"isManual":true,"workflowId":"3kYmzLPLNg7gwIIAJDonT","workflowName":"My workflow","lastNodeExecuted":"Insert appointment","errorNodeType":"n8n-nodes-base.postgres","errorMessage":"INSERT has more expressions than target columns"}}
{"__type":"$$EventMessageConfirm","confirm":"531066c7-7d6e-4908-8c8b-6da8d6628ae3","ts":"2026-02-05T12:28:16.480-05:00","source":{"id":"0","name":"eventBus"}}
{"__type":"$$EventMessageWorkflow","id":"c1dafea7-fdef-4b8c-805c-29eb74ef221a","ts":"2026-02-05T12:28:45.845-05:00","eventName":"n8n.workflow.started","message":"n8n.workflow.started","payload":{"executionId":"264","workflowId":"3kYmzLPLNg7gwIIAJDonT","isManual":false,"workflowName":"My workflow"}}
{"__type":"$$EventMessageConfirm","confirm":"c1dafea7-fdef-4b8c-805c-29eb74ef221a","ts":"2026-02-05T12:28:45.845-05:00","source":{"id":"0","name":"eventBus"}}
{"__type":"$$EventMessageNode","id":"2ed5b33a-3e96-44ea-a3b5-11e4657da28f","ts":"2026-02-05T12:28:45.855-05:00","eventName":"n8n.node.started","message":"n8n.node.started","payload":{"workflowId":"3kYmzLPLNg7gwIIAJDonT","workflowName":"My workflow","executionId":"264","nodeType":"n8n-nodes-base.postgres","nodeName":"Insert appointment","nodeId":"37ed8703-a92d-4062-ad8a-e8aa705c008e"}}
{"__type":"$$EventMessageConfirm","confirm":"2ed5b33a-3e96-44ea-a3b5-11e4657da28f","ts":"2026-02-05T12:28:45.855-05:00","source":{"id":"0","name":"eventBus"}}
{"__type":"$$EventMessageNode","id":"6346224e-f34b-410b-ad8b-2f1e05bb4f70","ts":"2026-02-05T12:28:46.107-05:00","eventName":"n8n.node.finished","message":"n8n.node.finished","payload":{"workflowId":"3kYmzLPLNg7gwIIAJDonT","workflowName":"My workflow","executionId":"264","nodeType":"n8n-nodes-base.postgres","nodeName":"Insert appointment","nodeId":"37ed8703-a92d-4062-ad8a-e8aa705c008e"}}
{"__type":"$$EventMessageConfirm","confirm":"6346224e-f34b-410b-ad8b-2f1e05bb4f70","ts":"2026-02-05T12:28:46.107-05:00","source":{"id":"0","name":"eventBus"}}
{"__type":"$$EventMessageWorkflow","id":"f81e3007-e7fe-408b-8854-61565339fb9d","ts":"2026-02-05T12:28:46.111-05:00","eventName":"n8n.workflow.failed","message":"n8n.workflow.failed","payload":{"userId":"3cfc6297-cf54-4d29-8bfa-5326e00e5f56","executionId":"264","success":false,"isManual":true,"workflowId":"3kYmzLPLNg7gwIIAJDonT","workflowName":"My workflow","lastNodeExecuted":"Insert appointment","errorNodeType":"n8n-nodes-base.postgres","errorMessage":"INSERT has more expressions than target columns"}}
{"__type":"$$EventMessageConfirm","confirm":"f81e3007-e7fe-408b-8854-61565339fb9d","ts":"2026-02-05T12:28:46.111-05:00","source":{"id":"0","name":"eventBus"}}
{"__type":"$$EventMessageWorkflow","id":"9ae9db98-c702-4bdb-8279-24afb5e7affb","ts":"2026-02-05T12:29:00.047-05:00","eventName":"n8n.workflow.started","message":"n8n.workflow.started","payload":{"executionId":"265","workflowId":"3kYmzLPLNg7gwIIAJDonT","isManual":false,"workflowName":"My workflow"}}
{"__type":"$$EventMessageConfirm","confirm":"9ae9db98-c702-4bdb-8279-24afb5e7affb","ts":"2026-02-05T12:29:00.047-05:00","source":{"id":"0","name":"eventBus"}}
{"__type":"$$EventMessageNode","id":"c6c05eb6-2812-48ab-bb31-00f23e3ace8e","ts":"2026-02-05T12:29:00.066-05:00","eventName":"n8n.node.started","message":"n8n.node.started","payload":{"workflowId":"3kYmzLPLNg7gwIIAJDonT","workflowName":"My workflow","executionId":"265","nodeType":"n8n-nodes-base.postgres","nodeName":"Insert appointment","nodeId":"37ed8703-a92d-4062-ad8a-e8aa705c008e"}}
{"__type":"$$EventMessageConfirm","confirm":"c6c05eb6-2812-48ab-bb31-00f23e3ace8e","ts":"2026-02-05T12:29:00.067-05:00","source":{"id":"0","name":"eventBus"}}
{"__type":"$$EventMessageNode","id":"eddb2264-f039-4459-97a3-59876f9aad95","ts":"2026-02-05T12:29:00.374-05:00","eventName":"n8n.node.finished","message":"n8n.node.finished","payload":{"workflowId":"3kYmzLPLNg7gwIIAJDonT","workflowName":"My workflow","executionId":"265","nodeType":"n8n-nodes-base.postgres","nodeName":"Insert appointment","nodeId":"37ed8703-a92d-4062-ad8a-e8aa705c008e"}}
{"__type":"$$EventMessageConfirm","confirm":"eddb2264-f039-4459-97a3-59876f9aad95","ts":"2026-02-05T12:29:00.374-05:00","source":{"id":"0","name":"eventBus"}}
{"__type":"$$EventMessageWorkflow","id":"52883b2a-33b4-4dbe-9cb4-ebe0cf141dcc","ts":"2026-02-05T12:29:00.377-05:00","eventName":"n8n.workflow.failed","message":"n8n.workflow.failed","payload":{"userId":"3cfc6297-cf54-4d29-8bfa-5326e00e5f56","executionId":"265","success":false,"isManual":true,"workflowId":"3kYmzLPLNg7gwIIAJDonT","workflowName":"My workflow","lastNodeExecuted":"Insert appointment","errorNodeType":"n8n-nodes-base.postgres","errorMessage":"invalid input syntax for type timestamp: \"08:00\""}}
{"__type":"$$EventMessageConfirm","confirm":"52883b2a-33b4-4dbe-9cb4-ebe0cf141dcc","ts":"2026-02-05T12:29:00.377-05:00","source":{"id":"0","name":"eventBus"}}
{"__type":"$$EventMessageWorkflow","id":"92df78ee-6c5b-4fde-af89-bd3559ecc6e3","ts":"2026-02-05T12:30:30.566-05:00","eventName":"n8n.workflow.started","message":"n8n.workflow.started","payload":{"executionId":"266","workflowId":"3kYmzLPLNg7gwIIAJDonT","isManual":false,"workflowName":"My workflow"}}
{"__type":"$$EventMessageConfirm","confirm":"92df78ee-6c5b-4fde-af89-bd3559ecc6e3","ts":"2026-02-05T12:30:30.566-05:00","source":{"id":"0","name":"eventBus"}}
{"__type":"$$EventMessageNode","id":"f5ab2bf4-2cc1-4162-b6b1-20cc11161b95","ts":"2026-02-05T12:30:30.574-05:00","eventName":"n8n.node.started","message":"n8n.node.started","payload":{"workflowId":"3kYmzLPLNg7gwIIAJDonT","workflowName":"My workflow","executionId":"266","nodeType":"n8n-nodes-base.code","nodeName":"Cleaning3","nodeId":"8d613c12-e2a9-42b7-a24c-e0e22fd00487"}}
{"__type":"$$EventMessageConfirm","confirm":"f5ab2bf4-2cc1-4162-b6b1-20cc11161b95","ts":"2026-02-05T12:30:30.575-05:00","source":{"id":"0","name":"eventBus"}}
{"__type":"$$EventMessageRunner","id":"62bc753a-ce2a-4e1c-8925-17c2d57a3f7e","ts":"2026-02-05T12:30:30.578-05:00","eventName":"n8n.runner.task.requested","message":"n8n.runner.task.requested","payload":{"taskId":"YecK69vu","nodeId":"8d613c12-e2a9-42b7-a24c-e0e22fd00487","workflowId":"3kYmzLPLNg7gwIIAJDonT","executionId":"266"}}
{"__type":"$$EventMessageConfirm","confirm":"62bc753a-ce2a-4e1c-8925-17c2d57a3f7e","ts":"2026-02-05T12:30:30.578-05:00","source":{"id":"0","name":"eventBus"}}
{"__type":"$$EventMessageRunner","id":"73d62081-db86-4be9-8768-befdcde04422","ts":"2026-02-05T12:30:30.595-05:00","eventName":"n8n.runner.response.received","message":"n8n.runner.response.received","payload":{"taskId":"YecK69vu","nodeId":"8d613c12-e2a9-42b7-a24c-e0e22fd00487","workflowId":"3kYmzLPLNg7gwIIAJDonT","executionId":"266"}}
{"__type":"$$EventMessageConfirm","confirm":"73d62081-db86-4be9-8768-befdcde04422","ts":"2026-02-05T12:30:30.595-05:00","source":{"id":"0","name":"eventBus"}}
{"__type":"$$EventMessageNode","id":"62b3cb07-8934-4e4e-9700-201128911d7e","ts":"2026-02-05T12:30:30.596-05:00","eventName":"n8n.node.finished","message":"n8n.node.finished","payload":{"workflowId":"3kYmzLPLNg7gwIIAJDonT","workflowName":"My workflow","executionId":"266","nodeType":"n8n-nodes-base.code","nodeName":"Cleaning3","nodeId":"8d613c12-e2a9-42b7-a24c-e0e22fd00487"}}
{"__type":"$$EventMessageConfirm","confirm":"62b3cb07-8934-4e4e-9700-201128911d7e","ts":"2026-02-05T12:30:30.596-05:00","source":{"id":"0","name":"eventBus"}}
{"__type":"$$EventMessageWorkflow","id":"6e468add-539c-4056-ae96-4ee32ac24017","ts":"2026-02-05T12:30:30.604-05:00","eventName":"n8n.workflow.success","message":"n8n.workflow.success","payload":{"userId":"3cfc6297-cf54-4d29-8bfa-5326e00e5f56","executionId":"266","success":true,"isManual":true,"workflowId":"3kYmzLPLNg7gwIIAJDonT","workflowName":"My workflow"}}
{"__type":"$$EventMessageConfirm","confirm":"6e468add-539c-4056-ae96-4ee32ac24017","ts":"2026-02-05T12:30:30.604-05:00","source":{"id":"0","name":"eventBus"}}
{"__type":"$$EventMessageWorkflow","id":"573154e2-3df8-4b31-bf58-f4d95a233e00","ts":"2026-02-05T12:30:45.338-05:00","eventName":"n8n.workflow.started","message":"n8n.workflow.started","payload":{"executionId":"267","workflowId":"3kYmzLPLNg7gwIIAJDonT","isManual":false,"workflowName":"My workflow"}}
{"__type":"$$EventMessageConfirm","confirm":"573154e2-3df8-4b31-bf58-f4d95a233e00","ts":"2026-02-05T12:30:45.338-05:00","source":{"id":"0","name":"eventBus"}}
{"__type":"$$EventMessageNode","id":"b4a51f95-a8e9-4138-aeac-1a66467774ca","ts":"2026-02-05T12:30:45.348-05:00","eventName":"n8n.node.started","message":"n8n.node.started","payload":{"workflowId":"3kYmzLPLNg7gwIIAJDonT","workflowName":"My workflow","executionId":"267","nodeType":"n8n-nodes-base.postgres","nodeName":"Insert appointment","nodeId":"37ed8703-a92d-4062-ad8a-e8aa705c008e"}}
{"__type":"$$EventMessageConfirm","confirm":"b4a51f95-a8e9-4138-aeac-1a66467774ca","ts":"2026-02-05T12:30:45.349-05:00","source":{"id":"0","name":"eventBus"}}
{"__type":"$$EventMessageNode","id":"d84def7b-5c31-442a-aab0-805fbf139c26","ts":"2026-02-05T12:30:45.577-05:00","eventName":"n8n.node.finished","message":"n8n.node.finished","payload":{"workflowId":"3kYmzLPLNg7gwIIAJDonT","workflowName":"My workflow","executionId":"267","nodeType":"n8n-nodes-base.postgres","nodeName":"Insert appointment","nodeId":"37ed8703-a92d-4062-ad8a-e8aa705c008e"}}
{"__type":"$$EventMessageConfirm","confirm":"d84def7b-5c31-442a-aab0-805fbf139c26","ts":"2026-02-05T12:30:45.577-05:00","source":{"id":"0","name":"eventBus"}}
{"__type":"$$EventMessageWorkflow","id":"30be228d-6a00-441e-b9d2-50d09827981c","ts":"2026-02-05T12:30:45.581-05:00","eventName":"n8n.workflow.failed","message":"n8n.workflow.failed","payload":{"userId":"3cfc6297-cf54-4d29-8bfa-5326e00e5f56","executionId":"267","success":false,"isManual":true,"workflowId":"3kYmzLPLNg7gwIIAJDonT","workflowName":"My workflow","lastNodeExecuted":"Insert appointment","errorNodeType":"n8n-nodes-base.postgres","errorMessage":"invalid input syntax for type timestamp: \"2024-08-04 0.3333333333333333:00:00\""}}
{"__type":"$$EventMessageConfirm","confirm":"30be228d-6a00-441e-b9d2-50d09827981c","ts":"2026-02-05T12:30:45.581-05:00","source":{"id":"0","name":"eventBus"}}
{"__type":"$$EventMessageWorkflow","id":"7ffb9d5a-f229-4b65-8864-91540aacaeb5","ts":"2026-02-05T12:32:19.498-05:00","eventName":"n8n.workflow.started","message":"n8n.workflow.started","payload":{"executionId":"268","workflowId":"3kYmzLPLNg7gwIIAJDonT","isManual":false,"workflowName":"My workflow"}}
{"__type":"$$EventMessageConfirm","confirm":"7ffb9d5a-f229-4b65-8864-91540aacaeb5","ts":"2026-02-05T12:32:19.498-05:00","source":{"id":"0","name":"eventBus"}}
{"__type":"$$EventMessageNode","id":"d73bde75-c7a4-4d56-9799-3385c048ca57","ts":"2026-02-05T12:32:19.506-05:00","eventName":"n8n.node.started","message":"n8n.node.started","payload":{"workflowId":"3kYmzLPLNg7gwIIAJDonT","workflowName":"My workflow","executionId":"268","nodeType":"n8n-nodes-base.code","nodeName":"Cleaning3","nodeId":"8d613c12-e2a9-42b7-a24c-e0e22fd00487"}}
{"__type":"$$EventMessageConfirm","confirm":"d73bde75-c7a4-4d56-9799-3385c048ca57","ts":"2026-02-05T12:32:19.506-05:00","source":{"id":"0","name":"eventBus"}}
{"__type":"$$EventMessageRunner","id":"3ddf5793-1978-4964-8b83-1bca7e8edf66","ts":"2026-02-05T12:32:19.508-05:00","eventName":"n8n.runner.task.requested","message":"n8n.runner.task.requested","payload":{"taskId":"zLsaCtse","nodeId":"8d613c12-e2a9-42b7-a24c-e0e22fd00487","workflowId":"3kYmzLPLNg7gwIIAJDonT","executionId":"268"}}
{"__type":"$$EventMessageConfirm","confirm":"3ddf5793-1978-4964-8b83-1bca7e8edf66","ts":"2026-02-05T12:32:19.508-05:00","source":{"id":"0","name":"eventBus"}}
{"__type":"$$EventMessageRunner","id":"d6f0ac01-f4d2-4d45-9bb5-3781d81e0c62","ts":"2026-02-05T12:32:19.524-05:00","eventName":"n8n.runner.response.received","message":"n8n.runner.response.received","payload":{"taskId":"zLsaCtse","nodeId":"8d613c12-e2a9-42b7-a24c-e0e22fd00487","workflowId":"3kYmzLPLNg7gwIIAJDonT","executionId":"268"}}
{"__type":"$$EventMessageConfirm","confirm":"d6f0ac01-f4d2-4d45-9bb5-3781d81e0c62","ts":"2026-02-05T12:32:19.524-05:00","source":{"id":"0","name":"eventBus"}}
{"__type":"$$EventMessageNode","id":"cbfd9f8c-da9d-4979-8977-ba15833c6ba7","ts":"2026-02-05T12:32:19.524-05:00","eventName":"n8n.node.finished","message":"n8n.node.finished","payload":{"workflowId":"3kYmzLPLNg7gwIIAJDonT","workflowName":"My workflow","executionId":"268","nodeType":"n8n-nodes-base.code","nodeName":"Cleaning3","nodeId":"8d613c12-e2a9-42b7-a24c-e0e22fd00487"}}
{"__type":"$$EventMessageConfirm","confirm":"cbfd9f8c-da9d-4979-8977-ba15833c6ba7","ts":"2026-02-05T12:32:19.525-05:00","source":{"id":"0","name":"eventBus"}}
{"__type":"$$EventMessageWorkflow","id":"795ed8a8-4238-4fb5-a640-df916aa11057","ts":"2026-02-05T12:32:19.536-05:00","eventName":"n8n.workflow.success","message":"n8n.workflow.success","payload":{"userId":"3cfc6297-cf54-4d29-8bfa-5326e00e5f56","executionId":"268","success":true,"isManual":true,"workflowId":"3kYmzLPLNg7gwIIAJDonT","workflowName":"My workflow"}}
{"__type":"$$EventMessageConfirm","confirm":"795ed8a8-4238-4fb5-a640-df916aa11057","ts":"2026-02-05T12:32:19.536-05:00","source":{"id":"0","name":"eventBus"}}
{"__type":"$$EventMessageWorkflow","id":"1488ae63-b11d-412d-a560-5e1ef0311cc9","ts":"2026-02-05T12:32:24.842-05:00","eventName":"n8n.workflow.started","message":"n8n.workflow.started","payload":{"executionId":"269","workflowId":"3kYmzLPLNg7gwIIAJDonT","isManual":false,"workflowName":"My workflow"}}
{"__type":"$$EventMessageConfirm","confirm":"1488ae63-b11d-412d-a560-5e1ef0311cc9","ts":"2026-02-05T12:32:24.842-05:00","source":{"id":"0","name":"eventBus"}}
{"__type":"$$EventMessageNode","id":"9a517bc5-3054-478e-8f41-e9c70d638eec","ts":"2026-02-05T12:32:24.852-05:00","eventName":"n8n.node.started","message":"n8n.node.started","payload":{"workflowId":"3kYmzLPLNg7gwIIAJDonT","workflowName":"My workflow","executionId":"269","nodeType":"n8n-nodes-base.postgres","nodeName":"Insert appointment","nodeId":"37ed8703-a92d-4062-ad8a-e8aa705c008e"}}
{"__type":"$$EventMessageConfirm","confirm":"9a517bc5-3054-478e-8f41-e9c70d638eec","ts":"2026-02-05T12:32:24.852-05:00","source":{"id":"0","name":"eventBus"}}
{"__type":"$$EventMessageNode","id":"92895f1d-fe82-4cf1-9ab8-9fd727662358","ts":"2026-02-05T12:32:25.130-05:00","eventName":"n8n.node.finished","message":"n8n.node.finished","payload":{"workflowId":"3kYmzLPLNg7gwIIAJDonT","workflowName":"My workflow","executionId":"269","nodeType":"n8n-nodes-base.postgres","nodeName":"Insert appointment","nodeId":"37ed8703-a92d-4062-ad8a-e8aa705c008e"}}
{"__type":"$$EventMessageConfirm","confirm":"92895f1d-fe82-4cf1-9ab8-9fd727662358","ts":"2026-02-05T12:32:25.130-05:00","source":{"id":"0","name":"eventBus"}}
{"__type":"$$EventMessageWorkflow","id":"cdc9389e-5571-44fa-ae2f-1d3a5726b50b","ts":"2026-02-05T12:32:25.138-05:00","eventName":"n8n.workflow.success","message":"n8n.workflow.success","payload":{"userId":"3cfc6297-cf54-4d29-8bfa-5326e00e5f56","executionId":"269","success":true,"isManual":true,"workflowId":"3kYmzLPLNg7gwIIAJDonT","workflowName":"My workflow"}}
{"__type":"$$EventMessageConfirm","confirm":"cdc9389e-5571-44fa-ae2f-1d3a5726b50b","ts":"2026-02-05T12:32:25.138-05:00","source":{"id":"0","name":"eventBus"}}
{"__type":"$$EventMessageWorkflow","id":"e9922f19-30d4-4363-8810-8a6250c1857d","ts":"2026-02-05T12:34:23.856-05:00","eventName":"n8n.workflow.started","message":"n8n.workflow.started","payload":{"executionId":"270","workflowId":"3kYmzLPLNg7gwIIAJDonT","isManual":false,"workflowName":"My workflow"}}
{"__type":"$$EventMessageConfirm","confirm":"e9922f19-30d4-4363-8810-8a6250c1857d","ts":"2026-02-05T12:34:23.856-05:00","source":{"id":"0","name":"eventBus"}}
{"__type":"$$EventMessageNode","id":"bd188581-2a2d-4d61-9d66-8e6db28fc078","ts":"2026-02-05T12:34:23.857-05:00","eventName":"n8n.node.started","message":"n8n.node.started","payload":{"workflowId":"3kYmzLPLNg7gwIIAJDonT","workflowName":"My workflow","executionId":"270","nodeType":"n8n-nodes-base.googleSheetsTrigger","nodeName":"Google Sheets Trigger(appointment)","nodeId":"f43d6d6f-c43a-4fe8-af2f-6fce74ebec2c"}}
{"__type":"$$EventMessageConfirm","confirm":"bd188581-2a2d-4d61-9d66-8e6db28fc078","ts":"2026-02-05T12:34:23.858-05:00","source":{"id":"0","name":"eventBus"}}
{"__type":"$$EventMessageNode","id":"4017cddb-97f6-41a0-84a1-ea03049ae0f4","ts":"2026-02-05T12:34:25.443-05:00","eventName":"n8n.node.finished","message":"n8n.node.finished","payload":{"workflowId":"3kYmzLPLNg7gwIIAJDonT","workflowName":"My workflow","executionId":"270","nodeType":"n8n-nodes-base.googleSheetsTrigger","nodeName":"Google Sheets Trigger(appointment)","nodeId":"f43d6d6f-c43a-4fe8-af2f-6fce74ebec2c"}}
{"__type":"$$EventMessageConfirm","confirm":"4017cddb-97f6-41a0-84a1-ea03049ae0f4","ts":"2026-02-05T12:34:25.443-05:00","source":{"id":"0","name":"eventBus"}}
{"__type":"$$EventMessageNode","id":"11f754d6-5e49-4dcf-99cf-4edd0c34af4b","ts":"2026-02-05T12:34:25.448-05:00","eventName":"n8n.node.started","message":"n8n.node.started","payload":{"workflowId":"3kYmzLPLNg7gwIIAJDonT","workflowName":"My workflow","executionId":"270","nodeType":"n8n-nodes-base.set","nodeName":"Mapping3","nodeId":"d5af232f-5ade-4dd2-bfca-2521531575cd"}}
{"__type":"$$EventMessageConfirm","confirm":"11f754d6-5e49-4dcf-99cf-4edd0c34af4b","ts":"2026-02-05T12:34:25.448-05:00","source":{"id":"0","name":"eventBus"}}
{"__type":"$$EventMessageNode","id":"37344cfb-54bc-4b93-a2b2-4ff724282551","ts":"2026-02-05T12:34:25.710-05:00","eventName":"n8n.node.finished","message":"n8n.node.finished","payload":{"workflowId":"3kYmzLPLNg7gwIIAJDonT","workflowName":"My workflow","executionId":"270","nodeType":"n8n-nodes-base.set","nodeName":"Mapping3","nodeId":"d5af232f-5ade-4dd2-bfca-2521531575cd"}}
{"__type":"$$EventMessageConfirm","confirm":"37344cfb-54bc-4b93-a2b2-4ff724282551","ts":"2026-02-05T12:34:25.710-05:00","source":{"id":"0","name":"eventBus"}}
{"__type":"$$EventMessageNode","id":"a4ddc4cc-c91e-48b0-bd9b-8b4ce6f3b504","ts":"2026-02-05T12:34:25.714-05:00","eventName":"n8n.node.started","message":"n8n.node.started","payload":{"workflowId":"3kYmzLPLNg7gwIIAJDonT","workflowName":"My workflow","executionId":"270","nodeType":"n8n-nodes-base.code","nodeName":"Cleaning3","nodeId":"8d613c12-e2a9-42b7-a24c-e0e22fd00487"}}
{"__type":"$$EventMessageConfirm","confirm":"a4ddc4cc-c91e-48b0-bd9b-8b4ce6f3b504","ts":"2026-02-05T12:34:25.714-05:00","source":{"id":"0","name":"eventBus"}}
{"__type":"$$EventMessageRunner","id":"57f62b09-bb32-47d9-b877-6a3d55a1119f","ts":"2026-02-05T12:34:25.716-05:00","eventName":"n8n.runner.task.requested","message":"n8n.runner.task.requested","payload":{"taskId":"_wY-PoA4","nodeId":"8d613c12-e2a9-42b7-a24c-e0e22fd00487","workflowId":"3kYmzLPLNg7gwIIAJDonT","executionId":"270"}}
{"__type":"$$EventMessageConfirm","confirm":"57f62b09-bb32-47d9-b877-6a3d55a1119f","ts":"2026-02-05T12:34:25.716-05:00","source":{"id":"0","name":"eventBus"}}
{"__type":"$$EventMessageRunner","id":"c9a11a45-8762-4e2d-87a0-eea4c06429b0","ts":"2026-02-05T12:34:25.729-05:00","eventName":"n8n.runner.response.received","message":"n8n.runner.response.received","payload":{"taskId":"_wY-PoA4","nodeId":"8d613c12-e2a9-42b7-a24c-e0e22fd00487","workflowId":"3kYmzLPLNg7gwIIAJDonT","executionId":"270"}}
{"__type":"$$EventMessageConfirm","confirm":"c9a11a45-8762-4e2d-87a0-eea4c06429b0","ts":"2026-02-05T12:34:25.729-05:00","source":{"id":"0","name":"eventBus"}}
{"__type":"$$EventMessageNode","id":"7983ed50-d394-458e-b76c-4e225b9531b9","ts":"2026-02-05T12:34:25.729-05:00","eventName":"n8n.node.finished","message":"n8n.node.finished","payload":{"workflowId":"3kYmzLPLNg7gwIIAJDonT","workflowName":"My workflow","executionId":"270","nodeType":"n8n-nodes-base.code","nodeName":"Cleaning3","nodeId":"8d613c12-e2a9-42b7-a24c-e0e22fd00487"}}
{"__type":"$$EventMessageConfirm","confirm":"7983ed50-d394-458e-b76c-4e225b9531b9","ts":"2026-02-05T12:34:25.729-05:00","source":{"id":"0","name":"eventBus"}}
{"__type":"$$EventMessageNode","id":"633f3924-1c30-4114-b144-187e68bd719b","ts":"2026-02-05T12:34:25.733-05:00","eventName":"n8n.node.started","message":"n8n.node.started","payload":{"workflowId":"3kYmzLPLNg7gwIIAJDonT","workflowName":"My workflow","executionId":"270","nodeType":"n8n-nodes-base.postgres","nodeName":"Insert appointment","nodeId":"37ed8703-a92d-4062-ad8a-e8aa705c008e"}}
{"__type":"$$EventMessageConfirm","confirm":"633f3924-1c30-4114-b144-187e68bd719b","ts":"2026-02-05T12:34:25.733-05:00","source":{"id":"0","name":"eventBus"}}
{"__type":"$$EventMessageNode","id":"b8d178c2-2314-4723-bd04-0da2f03d26c4","ts":"2026-02-05T12:34:25.971-05:00","eventName":"n8n.node.finished","message":"n8n.node.finished","payload":{"workflowId":"3kYmzLPLNg7gwIIAJDonT","workflowName":"My workflow","executionId":"270","nodeType":"n8n-nodes-base.postgres","nodeName":"Insert appointment","nodeId":"37ed8703-a92d-4062-ad8a-e8aa705c008e"}}
{"__type":"$$EventMessageConfirm","confirm":"b8d178c2-2314-4723-bd04-0da2f03d26c4","ts":"2026-02-05T12:34:25.971-05:00","source":{"id":"0","name":"eventBus"}}
{"__type":"$$EventMessageWorkflow","id":"884e32be-77b7-4c5f-a56f-b279dce6475e","ts":"2026-02-05T12:34:25.977-05:00","eventName":"n8n.workflow.success","message":"n8n.workflow.success","payload":{"userId":"3cfc6297-cf54-4d29-8bfa-5326e00e5f56","executionId":"270","success":true,"isManual":true,"workflowId":"3kYmzLPLNg7gwIIAJDonT","workflowName":"My workflow"}}
{"__type":"$$EventMessageConfirm","confirm":"884e32be-77b7-4c5f-a56f-b279dce6475e","ts":"2026-02-05T12:34:25.977-05:00","source":{"id":"0","name":"eventBus"}}
{"__type":"$$EventMessageAudit","id":"014ca87f-cd19-4e2f-957e-10099d848a2e","ts":"2026-02-05T13:16:46.028-05:00","eventName":"n8n.audit.workflow.updated","message":"n8n.audit.workflow.updated","payload":{"userId":"3cfc6297-cf54-4d29-8bfa-5326e00e5f56","_email":"cuongdodanh.pr@gmail.com","_firstName":"Linh","_lastName":"Hoang","globalRole":"global:owner","workflowId":"3kYmzLPLNg7gwIIAJDonT","workflowName":"My workflow"}}
{"__type":"$$EventMessageConfirm","confirm":"014ca87f-cd19-4e2f-957e-10099d848a2e","ts":"2026-02-05T13:16:46.028-05:00","source":{"id":"0","name":"eventBus"}}
{"__type":"$$EventMessageAudit","id":"fd74305a-dc44-4e73-974a-d965c3c9c7b2","ts":"2026-02-05T13:17:19.406-05:00","eventName":"n8n.audit.workflow.updated","message":"n8n.audit.workflow.updated","payload":{"userId":"3cfc6297-cf54-4d29-8bfa-5326e00e5f56","_email":"cuongdodanh.pr@gmail.com","_firstName":"Linh","_lastName":"Hoang","globalRole":"global:owner","workflowId":"3kYmzLPLNg7gwIIAJDonT","workflowName":"Sa_spa"}}
{"__type":"$$EventMessageConfirm","confirm":"fd74305a-dc44-4e73-974a-d965c3c9c7b2","ts":"2026-02-05T13:17:19.406-05:00","source":{"id":"0","name":"eventBus"}}
